<?xml version="1.0" encoding="utf-8"?>
<CoverageSession>
  <Summary numSequencePoints="2447" visitedSequencePoints="965" numBranchPoints="494" visitedBranchPoints="195" sequenceCoverage="39.43" branchCoverage="39.47" maxCyclomaticComplexity="678" minCyclomaticComplexity="0" visitedClasses="77" numClasses="115" visitedMethods="165" numMethods="251" />
  <Modules>
    <Module hash="7140FC1B-881F-4DDD-A9FF-D6BD40FBAC57">
      <ModulePath>SENG302.Shared.dll</ModulePath>
      <ModuleTime>2026-03-25T12:29:51</ModuleTime>
      <ModuleName>SENG302.Shared</ModuleName>
      <Files />
      <Classes />
    </Module>
    <Module hash="2DE84C03-736A-408C-B19A-4881D76A39D5">
      <ModulePath>SENG302.Api.dll</ModulePath>
      <ModuleTime>2026-03-25T12:29:51</ModuleTime>
      <ModuleName>SENG302.Api</ModuleName>
      <Files>
        <File uid="1" fullPath="/csse/users/sla202/Documents/seng302/team-700/SENG302.Api/Models/Exceptions.cs" />
        <File uid="2" fullPath="/csse/users/sla202/Documents/seng302/team-700/SENG302.Api/obj/Debug/net10.0/Microsoft.AspNetCore.OpenApi.SourceGenerators/Microsoft.AspNetCore.OpenApi.SourceGenerators.XmlCommentGenerator/OpenApiXmlCommentSupport.generated.cs" />
        <File uid="3" fullPath="/csse/users/sla202/Documents/seng302/team-700/SENG302.Api/Program.cs" />
        <File uid="4" fullPath="/csse/users/sla202/Documents/seng302/team-700/SENG302.Api/Providers/ISmtpClientWrapper.cs" />
        <File uid="5" fullPath="/csse/users/sla202/Documents/seng302/team-700/SENG302.Api/Services/EmailService.cs" />
        <File uid="6" fullPath="/csse/users/sla202/Documents/seng302/team-700/SENG302.Api/Services/FileService.cs" />
        <File uid="7" fullPath="/csse/users/sla202/Documents/seng302/team-700/SENG302.Api/Services/OneTimeCodeService.cs" />
        <File uid="8" fullPath="/csse/users/sla202/Documents/seng302/team-700/SENG302.Api/Services/TaskItemService.cs" />
        <File uid="9" fullPath="/csse/users/sla202/Documents/seng302/team-700/SENG302.Api/Services/TaskListService.cs" />
        <File uid="10" fullPath="/csse/users/sla202/Documents/seng302/team-700/SENG302.Api/Services/UserService.cs" />
        <File uid="11" fullPath="/csse/users/sla202/Documents/seng302/team-700/SENG302.Api/Services/Validation.cs" />
        <File uid="12" fullPath="/csse/users/sla202/Documents/seng302/team-700/SENG302.Api/Models/Requests/NewOneTimeCodeRequest.cs" />
        <File uid="13" fullPath="/csse/users/sla202/Documents/seng302/team-700/SENG302.Api/Models/Requests/NewTaskListRequest.cs" />
        <File uid="14" fullPath="/csse/users/sla202/Documents/seng302/team-700/SENG302.Api/Models/Requests/PostUserRequest.cs" />
        <File uid="15" fullPath="/csse/users/sla202/Documents/seng302/team-700/SENG302.Api/Models/Requests/UpdateUserRequest.cs" />
        <File uid="16" fullPath="/csse/users/sla202/Documents/seng302/team-700/SENG302.Api/Models/Requests/ValidateOneTimeCodeRequest.cs" />
        <File uid="17" fullPath="/csse/users/sla202/Documents/seng302/team-700/SENG302.Api/Models/Requests/VerifyAuthenticityRequest.cs" />
        <File uid="18" fullPath="/csse/users/sla202/Documents/seng302/team-700/SENG302.Api/Models/Entities/CustomFile.cs" />
        <File uid="19" fullPath="/csse/users/sla202/Documents/seng302/team-700/SENG302.Api/Models/Entities/TaskItem.cs" />
        <File uid="20" fullPath="/csse/users/sla202/Documents/seng302/team-700/SENG302.Api/Models/Entities/TaskList.cs" />
        <File uid="21" fullPath="/csse/users/sla202/Documents/seng302/team-700/SENG302.Api/Models/Entities/User.cs" />
        <File uid="22" fullPath="/csse/users/sla202/Documents/seng302/team-700/SENG302.Api/Models/Entities/UserCredentials.cs" />
        <File uid="23" fullPath="/csse/users/sla202/Documents/seng302/team-700/SENG302.Api/Models/Requests/NewTaskItemRequest.cs" />
        <File uid="24" fullPath="/csse/users/sla202/Documents/seng302/team-700/SENG302.Api/Models/Requests/UpdateTaskItemRequest.cs" />
        <File uid="25" fullPath="/csse/users/sla202/Documents/seng302/team-700/SENG302.Api/Migrations/20260225024649_ChangePasswordToNotRequired.cs" />
        <File uid="26" fullPath="/csse/users/sla202/Documents/seng302/team-700/SENG302.Api/Migrations/20260225024649_ChangePasswordToNotRequired.Designer.cs" />
        <File uid="27" fullPath="/csse/users/sla202/Documents/seng302/team-700/SENG302.Api/Migrations/20260312221046_CustomFile.cs" />
        <File uid="28" fullPath="/csse/users/sla202/Documents/seng302/team-700/SENG302.Api/Migrations/20260312221046_CustomFile.Designer.cs" />
        <File uid="29" fullPath="/csse/users/sla202/Documents/seng302/team-700/SENG302.Api/Migrations/20260313014726_UserHotFix.cs" />
        <File uid="30" fullPath="/csse/users/sla202/Documents/seng302/team-700/SENG302.Api/Migrations/20260313014726_UserHotFix.Designer.cs" />
        <File uid="31" fullPath="/csse/users/sla202/Documents/seng302/team-700/SENG302.Api/Migrations/20260316013833_Change User PFP to int type.cs" />
        <File uid="32" fullPath="/csse/users/sla202/Documents/seng302/team-700/SENG302.Api/Migrations/20260316013833_Change User PFP to int type.Designer.cs" />
        <File uid="33" fullPath="/csse/users/sla202/Documents/seng302/team-700/SENG302.Api/Migrations/20260324041234_AddUserProfileInfo.cs" />
        <File uid="34" fullPath="/csse/users/sla202/Documents/seng302/team-700/SENG302.Api/Migrations/20260324041234_AddUserProfileInfo.Designer.cs" />
        <File uid="35" fullPath="/csse/users/sla202/Documents/seng302/team-700/SENG302.Api/Migrations/20260324051736_SetDefaultValuesForZoomAndOffset.cs" />
        <File uid="36" fullPath="/csse/users/sla202/Documents/seng302/team-700/SENG302.Api/Migrations/20260324051736_SetDefaultValuesForZoomAndOffset.Designer.cs" />
        <File uid="37" fullPath="/csse/users/sla202/Documents/seng302/team-700/SENG302.Api/Migrations/DatabaseContextModelSnapshot.cs" />
        <File uid="38" fullPath="/csse/users/sla202/Documents/seng302/team-700/SENG302.Api/Filters/ConditionalValidateAntiForgeryTokenAttribute.cs" />
        <File uid="39" fullPath="/csse/users/sla202/Documents/seng302/team-700/SENG302.Api/DataAccess/DatabaseContext.cs" />
        <File uid="40" fullPath="/csse/users/sla202/Documents/seng302/team-700/SENG302.Api/Controllers/LoginController.cs" />
        <File uid="41" fullPath="/csse/users/sla202/Documents/seng302/team-700/SENG302.Api/Controllers/RegistrationController.cs" />
        <File uid="42" fullPath="/csse/users/sla202/Documents/seng302/team-700/SENG302.Api/Controllers/TaskItemController.cs" />
        <File uid="43" fullPath="/csse/users/sla202/Documents/seng302/team-700/SENG302.Api/Controllers/TaskListController.cs" />
        <File uid="44" fullPath="/csse/users/sla202/Documents/seng302/team-700/SENG302.Api/Controllers/UserController.cs" />
        <File uid="45" fullPath="/csse/users/sla202/Documents/seng302/team-700/SENG302.Api/Constants/CountryCodes.cs" />
        <File uid="46" fullPath="/csse/users/sla202/Documents/seng302/team-700/SENG302.Api/Constants/MimeTypeSets.cs" />
      </Files>
      <Classes>
        <Class>
          <Summary numSequencePoints="3" visitedSequencePoints="1" numBranchPoints="0" visitedBranchPoints="0" sequenceCoverage="33.33" branchCoverage="100" maxCyclomaticComplexity="1" minCyclomaticComplexity="1" visitedClasses="1" numClasses="1" visitedMethods="1" numMethods="3" />
          <FullName>DuplicateEmailException</FullName>
          <Methods>
            <Method cyclomaticComplexity="1" nPathComplexity="1" sequenceCoverage="0" branchCoverage="100" isConstructor="True" isGetter="False" isSetter="False" isStatic="True">
              <Summary numSequencePoints="1" visitedSequencePoints="0" numBranchPoints="0" visitedBranchPoints="0" sequenceCoverage="0" branchCoverage="100" maxCyclomaticComplexity="1" minCyclomaticComplexity="1" visitedClasses="0" numClasses="0" visitedMethods="0" numMethods="1" />
              <MetadataToken />
              <Name>System.Void DuplicateEmailException::.ctor()</Name>
              <FileRef uid="1" />
              <SequencePoints>
                <SequencePoint vc="0" uspid="6" ordinal="0" sl="6" sc="1" el="6" ec="2" bec="0" bev="0" fileid="1" />
              </SequencePoints>
              <BranchPoints />
              <MethodPoint vc="0" uspid="0" p8:type="SequencePoint" ordinal="0" offset="0" sc="0" sl="6" ec="1" el="6" bec="0" bev="0" fileid="1" xmlns:p8="xsi" />
            </Method>
            <Method cyclomaticComplexity="1" nPathComplexity="1" sequenceCoverage="100" branchCoverage="100" isConstructor="True" isGetter="False" isSetter="False" isStatic="True">
              <Summary numSequencePoints="1" visitedSequencePoints="1" numBranchPoints="0" visitedBranchPoints="0" sequenceCoverage="100" branchCoverage="100" maxCyclomaticComplexity="1" minCyclomaticComplexity="1" visitedClasses="0" numClasses="0" visitedMethods="1" numMethods="1" />
              <MetadataToken />
              <Name>System.Void DuplicateEmailException::.ctor(System.String)</Name>
              <FileRef uid="1" />
              <SequencePoints>
                <SequencePoint vc="9" uspid="8" ordinal="0" sl="8" sc="1" el="8" ec="2" bec="0" bev="0" fileid="1" />
              </SequencePoints>
              <BranchPoints />
              <MethodPoint vc="1" uspid="0" p8:type="SequencePoint" ordinal="1" offset="1" sc="0" sl="8" ec="1" el="8" bec="0" bev="0" fileid="1" xmlns:p8="xsi" />
            </Method>
            <Method cyclomaticComplexity="1" nPathComplexity="1" sequenceCoverage="0" branchCoverage="100" isConstructor="True" isGetter="False" isSetter="False" isStatic="True">
              <Summary numSequencePoints="1" visitedSequencePoints="0" numBranchPoints="0" visitedBranchPoints="0" sequenceCoverage="0" branchCoverage="100" maxCyclomaticComplexity="1" minCyclomaticComplexity="1" visitedClasses="0" numClasses="0" visitedMethods="0" numMethods="1" />
              <MetadataToken />
              <Name>System.Void DuplicateEmailException::.ctor(System.String,System.Exception)</Name>
              <FileRef uid="1" />
              <SequencePoints>
                <SequencePoint vc="0" uspid="10" ordinal="0" sl="10" sc="1" el="10" ec="2" bec="0" bev="0" fileid="1" />
              </SequencePoints>
              <BranchPoints />
              <MethodPoint vc="0" uspid="0" p8:type="SequencePoint" ordinal="2" offset="2" sc="0" sl="10" ec="1" el="10" bec="0" bev="0" fileid="1" xmlns:p8="xsi" />
            </Method>
          </Methods>
        </Class>
        <Class>
          <Summary numSequencePoints="3" visitedSequencePoints="1" numBranchPoints="0" visitedBranchPoints="0" sequenceCoverage="33.33" branchCoverage="100" maxCyclomaticComplexity="1" minCyclomaticComplexity="1" visitedClasses="1" numClasses="1" visitedMethods="1" numMethods="3" />
          <FullName>InvalidLengthException</FullName>
          <Methods>
            <Method cyclomaticComplexity="1" nPathComplexity="1" sequenceCoverage="0" branchCoverage="100" isConstructor="True" isGetter="False" isSetter="False" isStatic="True">
              <Summary numSequencePoints="1" visitedSequencePoints="0" numBranchPoints="0" visitedBranchPoints="0" sequenceCoverage="0" branchCoverage="100" maxCyclomaticComplexity="1" minCyclomaticComplexity="1" visitedClasses="0" numClasses="0" visitedMethods="0" numMethods="1" />
              <MetadataToken />
              <Name>System.Void InvalidLengthException::.ctor()</Name>
              <FileRef uid="1" />
              <SequencePoints>
                <SequencePoint vc="0" uspid="18" ordinal="0" sl="18" sc="1" el="18" ec="2" bec="0" bev="0" fileid="1" />
              </SequencePoints>
              <BranchPoints />
              <MethodPoint vc="0" uspid="0" p8:type="SequencePoint" ordinal="0" offset="0" sc="0" sl="18" ec="1" el="18" bec="0" bev="0" fileid="1" xmlns:p8="xsi" />
            </Method>
            <Method cyclomaticComplexity="1" nPathComplexity="1" sequenceCoverage="100" branchCoverage="100" isConstructor="True" isGetter="False" isSetter="False" isStatic="True">
              <Summary numSequencePoints="1" visitedSequencePoints="1" numBranchPoints="0" visitedBranchPoints="0" sequenceCoverage="100" branchCoverage="100" maxCyclomaticComplexity="1" minCyclomaticComplexity="1" visitedClasses="0" numClasses="0" visitedMethods="1" numMethods="1" />
              <MetadataToken />
              <Name>System.Void InvalidLengthException::.ctor(System.String)</Name>
              <FileRef uid="1" />
              <SequencePoints>
                <SequencePoint vc="30" uspid="20" ordinal="0" sl="20" sc="1" el="20" ec="2" bec="0" bev="0" fileid="1" />
              </SequencePoints>
              <BranchPoints />
              <MethodPoint vc="1" uspid="0" p8:type="SequencePoint" ordinal="1" offset="1" sc="0" sl="20" ec="1" el="20" bec="0" bev="0" fileid="1" xmlns:p8="xsi" />
            </Method>
            <Method cyclomaticComplexity="1" nPathComplexity="1" sequenceCoverage="0" branchCoverage="100" isConstructor="True" isGetter="False" isSetter="False" isStatic="True">
              <Summary numSequencePoints="1" visitedSequencePoints="0" numBranchPoints="0" visitedBranchPoints="0" sequenceCoverage="0" branchCoverage="100" maxCyclomaticComplexity="1" minCyclomaticComplexity="1" visitedClasses="0" numClasses="0" visitedMethods="0" numMethods="1" />
              <MetadataToken />
              <Name>System.Void InvalidLengthException::.ctor(System.String,System.Exception)</Name>
              <FileRef uid="1" />
              <SequencePoints>
                <SequencePoint vc="0" uspid="22" ordinal="0" sl="22" sc="1" el="22" ec="2" bec="0" bev="0" fileid="1" />
              </SequencePoints>
              <BranchPoints />
              <MethodPoint vc="0" uspid="0" p8:type="SequencePoint" ordinal="2" offset="2" sc="0" sl="22" ec="1" el="22" bec="0" bev="0" fileid="1" xmlns:p8="xsi" />
            </Method>
          </Methods>
        </Class>
        <Class>
          <Summary numSequencePoints="3" visitedSequencePoints="1" numBranchPoints="0" visitedBranchPoints="0" sequenceCoverage="33.33" branchCoverage="100" maxCyclomaticComplexity="1" minCyclomaticComplexity="1" visitedClasses="1" numClasses="1" visitedMethods="1" numMethods="3" />
          <FullName>InvalidDisplayNameLengthException</FullName>
          <Methods>
            <Method cyclomaticComplexity="1" nPathComplexity="1" sequenceCoverage="0" branchCoverage="100" isConstructor="True" isGetter="False" isSetter="False" isStatic="True">
              <Summary numSequencePoints="1" visitedSequencePoints="0" numBranchPoints="0" visitedBranchPoints="0" sequenceCoverage="0" branchCoverage="100" maxCyclomaticComplexity="1" minCyclomaticComplexity="1" visitedClasses="0" numClasses="0" visitedMethods="0" numMethods="1" />
              <MetadataToken />
              <Name>System.Void InvalidDisplayNameLengthException::.ctor()</Name>
              <FileRef uid="1" />
              <SequencePoints>
                <SequencePoint vc="0" uspid="30" ordinal="0" sl="30" sc="1" el="30" ec="2" bec="0" bev="0" fileid="1" />
              </SequencePoints>
              <BranchPoints />
              <MethodPoint vc="0" uspid="0" p8:type="SequencePoint" ordinal="0" offset="0" sc="0" sl="30" ec="1" el="30" bec="0" bev="0" fileid="1" xmlns:p8="xsi" />
            </Method>
            <Method cyclomaticComplexity="1" nPathComplexity="1" sequenceCoverage="100" branchCoverage="100" isConstructor="True" isGetter="False" isSetter="False" isStatic="True">
              <Summary numSequencePoints="1" visitedSequencePoints="1" numBranchPoints="0" visitedBranchPoints="0" sequenceCoverage="100" branchCoverage="100" maxCyclomaticComplexity="1" minCyclomaticComplexity="1" visitedClasses="0" numClasses="0" visitedMethods="1" numMethods="1" />
              <MetadataToken />
              <Name>System.Void InvalidDisplayNameLengthException::.ctor(System.String)</Name>
              <FileRef uid="1" />
              <SequencePoints>
                <SequencePoint vc="18" uspid="32" ordinal="0" sl="32" sc="1" el="32" ec="2" bec="0" bev="0" fileid="1" />
              </SequencePoints>
              <BranchPoints />
              <MethodPoint vc="1" uspid="0" p8:type="SequencePoint" ordinal="1" offset="1" sc="0" sl="32" ec="1" el="32" bec="0" bev="0" fileid="1" xmlns:p8="xsi" />
            </Method>
            <Method cyclomaticComplexity="1" nPathComplexity="1" sequenceCoverage="0" branchCoverage="100" isConstructor="True" isGetter="False" isSetter="False" isStatic="True">
              <Summary numSequencePoints="1" visitedSequencePoints="0" numBranchPoints="0" visitedBranchPoints="0" sequenceCoverage="0" branchCoverage="100" maxCyclomaticComplexity="1" minCyclomaticComplexity="1" visitedClasses="0" numClasses="0" visitedMethods="0" numMethods="1" />
              <MetadataToken />
              <Name>System.Void InvalidDisplayNameLengthException::.ctor(System.String,System.Exception)</Name>
              <FileRef uid="1" />
              <SequencePoints>
                <SequencePoint vc="0" uspid="34" ordinal="0" sl="34" sc="1" el="34" ec="2" bec="0" bev="0" fileid="1" />
              </SequencePoints>
              <BranchPoints />
              <MethodPoint vc="0" uspid="0" p8:type="SequencePoint" ordinal="2" offset="2" sc="0" sl="34" ec="1" el="34" bec="0" bev="0" fileid="1" xmlns:p8="xsi" />
            </Method>
          </Methods>
        </Class>
        <Class>
          <Summary numSequencePoints="3" visitedSequencePoints="1" numBranchPoints="0" visitedBranchPoints="0" sequenceCoverage="33.33" branchCoverage="100" maxCyclomaticComplexity="1" minCyclomaticComplexity="1" visitedClasses="1" numClasses="1" visitedMethods="1" numMethods="3" />
          <FullName>InvalidDisplayNameCharsException</FullName>
          <Methods>
            <Method cyclomaticComplexity="1" nPathComplexity="1" sequenceCoverage="0" branchCoverage="100" isConstructor="True" isGetter="False" isSetter="False" isStatic="True">
              <Summary numSequencePoints="1" visitedSequencePoints="0" numBranchPoints="0" visitedBranchPoints="0" sequenceCoverage="0" branchCoverage="100" maxCyclomaticComplexity="1" minCyclomaticComplexity="1" visitedClasses="0" numClasses="0" visitedMethods="0" numMethods="1" />
              <MetadataToken />
              <Name>System.Void InvalidDisplayNameCharsException::.ctor()</Name>
              <FileRef uid="1" />
              <SequencePoints>
                <SequencePoint vc="0" uspid="42" ordinal="0" sl="42" sc="1" el="42" ec="2" bec="0" bev="0" fileid="1" />
              </SequencePoints>
              <BranchPoints />
              <MethodPoint vc="0" uspid="0" p8:type="SequencePoint" ordinal="0" offset="0" sc="0" sl="42" ec="1" el="42" bec="0" bev="0" fileid="1" xmlns:p8="xsi" />
            </Method>
            <Method cyclomaticComplexity="1" nPathComplexity="1" sequenceCoverage="100" branchCoverage="100" isConstructor="True" isGetter="False" isSetter="False" isStatic="True">
              <Summary numSequencePoints="1" visitedSequencePoints="1" numBranchPoints="0" visitedBranchPoints="0" sequenceCoverage="100" branchCoverage="100" maxCyclomaticComplexity="1" minCyclomaticComplexity="1" visitedClasses="0" numClasses="0" visitedMethods="1" numMethods="1" />
              <MetadataToken />
              <Name>System.Void InvalidDisplayNameCharsException::.ctor(System.String)</Name>
              <FileRef uid="1" />
              <SequencePoints>
                <SequencePoint vc="9" uspid="44" ordinal="0" sl="44" sc="1" el="44" ec="2" bec="0" bev="0" fileid="1" />
              </SequencePoints>
              <BranchPoints />
              <MethodPoint vc="1" uspid="0" p8:type="SequencePoint" ordinal="1" offset="1" sc="0" sl="44" ec="1" el="44" bec="0" bev="0" fileid="1" xmlns:p8="xsi" />
            </Method>
            <Method cyclomaticComplexity="1" nPathComplexity="1" sequenceCoverage="0" branchCoverage="100" isConstructor="True" isGetter="False" isSetter="False" isStatic="True">
              <Summary numSequencePoints="1" visitedSequencePoints="0" numBranchPoints="0" visitedBranchPoints="0" sequenceCoverage="0" branchCoverage="100" maxCyclomaticComplexity="1" minCyclomaticComplexity="1" visitedClasses="0" numClasses="0" visitedMethods="0" numMethods="1" />
              <MetadataToken />
              <Name>System.Void InvalidDisplayNameCharsException::.ctor(System.String,System.Exception)</Name>
              <FileRef uid="1" />
              <SequencePoints>
                <SequencePoint vc="0" uspid="46" ordinal="0" sl="46" sc="1" el="46" ec="2" bec="0" bev="0" fileid="1" />
              </SequencePoints>
              <BranchPoints />
              <MethodPoint vc="0" uspid="0" p8:type="SequencePoint" ordinal="2" offset="2" sc="0" sl="46" ec="1" el="46" bec="0" bev="0" fileid="1" xmlns:p8="xsi" />
            </Method>
          </Methods>
        </Class>
        <Class>
          <Summary numSequencePoints="3" visitedSequencePoints="1" numBranchPoints="0" visitedBranchPoints="0" sequenceCoverage="33.33" branchCoverage="100" maxCyclomaticComplexity="1" minCyclomaticComplexity="1" visitedClasses="1" numClasses="1" visitedMethods="1" numMethods="3" />
          <FullName>InvalidEmailFormatException</FullName>
          <Methods>
            <Method cyclomaticComplexity="1" nPathComplexity="1" sequenceCoverage="0" branchCoverage="100" isConstructor="True" isGetter="False" isSetter="False" isStatic="True">
              <Summary numSequencePoints="1" visitedSequencePoints="0" numBranchPoints="0" visitedBranchPoints="0" sequenceCoverage="0" branchCoverage="100" maxCyclomaticComplexity="1" minCyclomaticComplexity="1" visitedClasses="0" numClasses="0" visitedMethods="0" numMethods="1" />
              <MetadataToken />
              <Name>System.Void InvalidEmailFormatException::.ctor()</Name>
              <FileRef uid="1" />
              <SequencePoints>
                <SequencePoint vc="0" uspid="54" ordinal="0" sl="54" sc="1" el="54" ec="2" bec="0" bev="0" fileid="1" />
              </SequencePoints>
              <BranchPoints />
              <MethodPoint vc="0" uspid="0" p8:type="SequencePoint" ordinal="0" offset="0" sc="0" sl="54" ec="1" el="54" bec="0" bev="0" fileid="1" xmlns:p8="xsi" />
            </Method>
            <Method cyclomaticComplexity="1" nPathComplexity="1" sequenceCoverage="100" branchCoverage="100" isConstructor="True" isGetter="False" isSetter="False" isStatic="True">
              <Summary numSequencePoints="1" visitedSequencePoints="1" numBranchPoints="0" visitedBranchPoints="0" sequenceCoverage="100" branchCoverage="100" maxCyclomaticComplexity="1" minCyclomaticComplexity="1" visitedClasses="0" numClasses="0" visitedMethods="1" numMethods="1" />
              <MetadataToken />
              <Name>System.Void InvalidEmailFormatException::.ctor(System.String)</Name>
              <FileRef uid="1" />
              <SequencePoints>
                <SequencePoint vc="63" uspid="56" ordinal="0" sl="56" sc="1" el="56" ec="2" bec="0" bev="0" fileid="1" />
              </SequencePoints>
              <BranchPoints />
              <MethodPoint vc="1" uspid="0" p8:type="SequencePoint" ordinal="1" offset="1" sc="0" sl="56" ec="1" el="56" bec="0" bev="0" fileid="1" xmlns:p8="xsi" />
            </Method>
            <Method cyclomaticComplexity="1" nPathComplexity="1" sequenceCoverage="0" branchCoverage="100" isConstructor="True" isGetter="False" isSetter="False" isStatic="True">
              <Summary numSequencePoints="1" visitedSequencePoints="0" numBranchPoints="0" visitedBranchPoints="0" sequenceCoverage="0" branchCoverage="100" maxCyclomaticComplexity="1" minCyclomaticComplexity="1" visitedClasses="0" numClasses="0" visitedMethods="0" numMethods="1" />
              <MetadataToken />
              <Name>System.Void InvalidEmailFormatException::.ctor(System.String,System.Exception)</Name>
              <FileRef uid="1" />
              <SequencePoints>
                <SequencePoint vc="0" uspid="58" ordinal="0" sl="58" sc="1" el="58" ec="2" bec="0" bev="0" fileid="1" />
              </SequencePoints>
              <BranchPoints />
              <MethodPoint vc="0" uspid="0" p8:type="SequencePoint" ordinal="2" offset="2" sc="0" sl="58" ec="1" el="58" bec="0" bev="0" fileid="1" xmlns:p8="xsi" />
            </Method>
          </Methods>
        </Class>
        <Class>
          <Summary numSequencePoints="3" visitedSequencePoints="1" numBranchPoints="0" visitedBranchPoints="0" sequenceCoverage="33.33" branchCoverage="100" maxCyclomaticComplexity="1" minCyclomaticComplexity="1" visitedClasses="1" numClasses="1" visitedMethods="1" numMethods="3" />
          <FullName>InvalidPasswordException</FullName>
          <Methods>
            <Method cyclomaticComplexity="1" nPathComplexity="1" sequenceCoverage="0" branchCoverage="100" isConstructor="True" isGetter="False" isSetter="False" isStatic="True">
              <Summary numSequencePoints="1" visitedSequencePoints="0" numBranchPoints="0" visitedBranchPoints="0" sequenceCoverage="0" branchCoverage="100" maxCyclomaticComplexity="1" minCyclomaticComplexity="1" visitedClasses="0" numClasses="0" visitedMethods="0" numMethods="1" />
              <MetadataToken />
              <Name>System.Void InvalidPasswordException::.ctor()</Name>
              <FileRef uid="1" />
              <SequencePoints>
                <SequencePoint vc="0" uspid="66" ordinal="0" sl="66" sc="1" el="66" ec="2" bec="0" bev="0" fileid="1" />
              </SequencePoints>
              <BranchPoints />
              <MethodPoint vc="0" uspid="0" p8:type="SequencePoint" ordinal="0" offset="0" sc="0" sl="66" ec="1" el="66" bec="0" bev="0" fileid="1" xmlns:p8="xsi" />
            </Method>
            <Method cyclomaticComplexity="1" nPathComplexity="1" sequenceCoverage="100" branchCoverage="100" isConstructor="True" isGetter="False" isSetter="False" isStatic="True">
              <Summary numSequencePoints="1" visitedSequencePoints="1" numBranchPoints="0" visitedBranchPoints="0" sequenceCoverage="100" branchCoverage="100" maxCyclomaticComplexity="1" minCyclomaticComplexity="1" visitedClasses="0" numClasses="0" visitedMethods="1" numMethods="1" />
              <MetadataToken />
              <Name>System.Void InvalidPasswordException::.ctor(System.String)</Name>
              <FileRef uid="1" />
              <SequencePoints>
                <SequencePoint vc="36" uspid="68" ordinal="0" sl="68" sc="1" el="68" ec="2" bec="0" bev="0" fileid="1" />
              </SequencePoints>
              <BranchPoints />
              <MethodPoint vc="1" uspid="0" p8:type="SequencePoint" ordinal="1" offset="1" sc="0" sl="68" ec="1" el="68" bec="0" bev="0" fileid="1" xmlns:p8="xsi" />
            </Method>
            <Method cyclomaticComplexity="1" nPathComplexity="1" sequenceCoverage="0" branchCoverage="100" isConstructor="True" isGetter="False" isSetter="False" isStatic="True">
              <Summary numSequencePoints="1" visitedSequencePoints="0" numBranchPoints="0" visitedBranchPoints="0" sequenceCoverage="0" branchCoverage="100" maxCyclomaticComplexity="1" minCyclomaticComplexity="1" visitedClasses="0" numClasses="0" visitedMethods="0" numMethods="1" />
              <MetadataToken />
              <Name>System.Void InvalidPasswordException::.ctor(System.String,System.Exception)</Name>
              <FileRef uid="1" />
              <SequencePoints>
                <SequencePoint vc="0" uspid="70" ordinal="0" sl="70" sc="1" el="70" ec="2" bec="0" bev="0" fileid="1" />
              </SequencePoints>
              <BranchPoints />
              <MethodPoint vc="0" uspid="0" p8:type="SequencePoint" ordinal="2" offset="2" sc="0" sl="70" ec="1" el="70" bec="0" bev="0" fileid="1" xmlns:p8="xsi" />
            </Method>
          </Methods>
        </Class>
        <Class>
          <Summary numSequencePoints="3" visitedSequencePoints="1" numBranchPoints="0" visitedBranchPoints="0" sequenceCoverage="33.33" branchCoverage="100" maxCyclomaticComplexity="1" minCyclomaticComplexity="1" visitedClasses="1" numClasses="1" visitedMethods="1" numMethods="3" />
          <FullName>MismatchedPasswordException</FullName>
          <Methods>
            <Method cyclomaticComplexity="1" nPathComplexity="1" sequenceCoverage="0" branchCoverage="100" isConstructor="True" isGetter="False" isSetter="False" isStatic="True">
              <Summary numSequencePoints="1" visitedSequencePoints="0" numBranchPoints="0" visitedBranchPoints="0" sequenceCoverage="0" branchCoverage="100" maxCyclomaticComplexity="1" minCyclomaticComplexity="1" visitedClasses="0" numClasses="0" visitedMethods="0" numMethods="1" />
              <MetadataToken />
              <Name>System.Void MismatchedPasswordException::.ctor()</Name>
              <FileRef uid="1" />
              <SequencePoints>
                <SequencePoint vc="0" uspid="78" ordinal="0" sl="78" sc="1" el="78" ec="2" bec="0" bev="0" fileid="1" />
              </SequencePoints>
              <BranchPoints />
              <MethodPoint vc="0" uspid="0" p8:type="SequencePoint" ordinal="0" offset="0" sc="0" sl="78" ec="1" el="78" bec="0" bev="0" fileid="1" xmlns:p8="xsi" />
            </Method>
            <Method cyclomaticComplexity="1" nPathComplexity="1" sequenceCoverage="100" branchCoverage="100" isConstructor="True" isGetter="False" isSetter="False" isStatic="True">
              <Summary numSequencePoints="1" visitedSequencePoints="1" numBranchPoints="0" visitedBranchPoints="0" sequenceCoverage="100" branchCoverage="100" maxCyclomaticComplexity="1" minCyclomaticComplexity="1" visitedClasses="0" numClasses="0" visitedMethods="1" numMethods="1" />
              <MetadataToken />
              <Name>System.Void MismatchedPasswordException::.ctor(System.String)</Name>
              <FileRef uid="1" />
              <SequencePoints>
                <SequencePoint vc="6" uspid="80" ordinal="0" sl="80" sc="1" el="80" ec="2" bec="0" bev="0" fileid="1" />
              </SequencePoints>
              <BranchPoints />
              <MethodPoint vc="1" uspid="0" p8:type="SequencePoint" ordinal="1" offset="1" sc="0" sl="80" ec="1" el="80" bec="0" bev="0" fileid="1" xmlns:p8="xsi" />
            </Method>
            <Method cyclomaticComplexity="1" nPathComplexity="1" sequenceCoverage="0" branchCoverage="100" isConstructor="True" isGetter="False" isSetter="False" isStatic="True">
              <Summary numSequencePoints="1" visitedSequencePoints="0" numBranchPoints="0" visitedBranchPoints="0" sequenceCoverage="0" branchCoverage="100" maxCyclomaticComplexity="1" minCyclomaticComplexity="1" visitedClasses="0" numClasses="0" visitedMethods="0" numMethods="1" />
              <MetadataToken />
              <Name>System.Void MismatchedPasswordException::.ctor(System.String,System.Exception)</Name>
              <FileRef uid="1" />
              <SequencePoints>
                <SequencePoint vc="0" uspid="82" ordinal="0" sl="82" sc="1" el="82" ec="2" bec="0" bev="0" fileid="1" />
              </SequencePoints>
              <BranchPoints />
              <MethodPoint vc="0" uspid="0" p8:type="SequencePoint" ordinal="2" offset="2" sc="0" sl="82" ec="1" el="82" bec="0" bev="0" fileid="1" xmlns:p8="xsi" />
            </Method>
          </Methods>
        </Class>
        <Class>
          <Summary numSequencePoints="3" visitedSequencePoints="1" numBranchPoints="0" visitedBranchPoints="0" sequenceCoverage="33.33" branchCoverage="100" maxCyclomaticComplexity="1" minCyclomaticComplexity="1" visitedClasses="1" numClasses="1" visitedMethods="1" numMethods="3" />
          <FullName>InvalidCountryException</FullName>
          <Methods>
            <Method cyclomaticComplexity="1" nPathComplexity="1" sequenceCoverage="0" branchCoverage="100" isConstructor="True" isGetter="False" isSetter="False" isStatic="True">
              <Summary numSequencePoints="1" visitedSequencePoints="0" numBranchPoints="0" visitedBranchPoints="0" sequenceCoverage="0" branchCoverage="100" maxCyclomaticComplexity="1" minCyclomaticComplexity="1" visitedClasses="0" numClasses="0" visitedMethods="0" numMethods="1" />
              <MetadataToken />
              <Name>System.Void InvalidCountryException::.ctor()</Name>
              <FileRef uid="1" />
              <SequencePoints>
                <SequencePoint vc="0" uspid="90" ordinal="0" sl="90" sc="1" el="90" ec="2" bec="0" bev="0" fileid="1" />
              </SequencePoints>
              <BranchPoints />
              <MethodPoint vc="0" uspid="0" p8:type="SequencePoint" ordinal="0" offset="0" sc="0" sl="90" ec="1" el="90" bec="0" bev="0" fileid="1" xmlns:p8="xsi" />
            </Method>
            <Method cyclomaticComplexity="1" nPathComplexity="1" sequenceCoverage="100" branchCoverage="100" isConstructor="True" isGetter="False" isSetter="False" isStatic="True">
              <Summary numSequencePoints="1" visitedSequencePoints="1" numBranchPoints="0" visitedBranchPoints="0" sequenceCoverage="100" branchCoverage="100" maxCyclomaticComplexity="1" minCyclomaticComplexity="1" visitedClasses="0" numClasses="0" visitedMethods="1" numMethods="1" />
              <MetadataToken />
              <Name>System.Void InvalidCountryException::.ctor(System.String)</Name>
              <FileRef uid="1" />
              <SequencePoints>
                <SequencePoint vc="3" uspid="92" ordinal="0" sl="92" sc="1" el="92" ec="2" bec="0" bev="0" fileid="1" />
              </SequencePoints>
              <BranchPoints />
              <MethodPoint vc="1" uspid="0" p8:type="SequencePoint" ordinal="1" offset="1" sc="0" sl="92" ec="1" el="92" bec="0" bev="0" fileid="1" xmlns:p8="xsi" />
            </Method>
            <Method cyclomaticComplexity="1" nPathComplexity="1" sequenceCoverage="0" branchCoverage="100" isConstructor="True" isGetter="False" isSetter="False" isStatic="True">
              <Summary numSequencePoints="1" visitedSequencePoints="0" numBranchPoints="0" visitedBranchPoints="0" sequenceCoverage="0" branchCoverage="100" maxCyclomaticComplexity="1" minCyclomaticComplexity="1" visitedClasses="0" numClasses="0" visitedMethods="0" numMethods="1" />
              <MetadataToken />
              <Name>System.Void InvalidCountryException::.ctor(System.String,System.Exception)</Name>
              <FileRef uid="1" />
              <SequencePoints>
                <SequencePoint vc="0" uspid="94" ordinal="0" sl="94" sc="1" el="94" ec="2" bec="0" bev="0" fileid="1" />
              </SequencePoints>
              <BranchPoints />
              <MethodPoint vc="0" uspid="0" p8:type="SequencePoint" ordinal="2" offset="2" sc="0" sl="94" ec="1" el="94" bec="0" bev="0" fileid="1" xmlns:p8="xsi" />
            </Method>
          </Methods>
        </Class>
        <Class>
          <Summary numSequencePoints="10" visitedSequencePoints="0" numBranchPoints="0" visitedBranchPoints="0" sequenceCoverage="0" branchCoverage="100" maxCyclomaticComplexity="1" minCyclomaticComplexity="1" visitedClasses="0" numClasses="1" visitedMethods="0" numMethods="10" />
          <FullName>Microsoft.AspNetCore.OpenApi.Generated.&lt;OpenApiXmlCommentSupport_generated&gt;FAE32745299F51FE2250C95D7C4552C556E1DD3D2722FDB7C10AE4E116E5D7FAD__XmlComment</FullName>
          <Methods>
            <Method cyclomaticComplexity="1" nPathComplexity="1" sequenceCoverage="0" branchCoverage="100" isConstructor="False" isGetter="True" isSetter="False" isStatic="True">
              <Summary numSequencePoints="1" visitedSequencePoints="0" numBranchPoints="0" visitedBranchPoints="0" sequenceCoverage="0" branchCoverage="100" maxCyclomaticComplexity="1" minCyclomaticComplexity="1" visitedClasses="0" numClasses="0" visitedMethods="0" numMethods="1" />
              <MetadataToken />
              <Name>System.String Microsoft.AspNetCore.OpenApi.Generated.&lt;OpenApiXmlCommentSupport_generated&gt;FAE32745299F51FE2250C95D7C4552C556E1DD3D2722FDB7C10AE4E116E5D7FAD__XmlComment::get_Summary()</Name>
              <FileRef uid="2" />
              <SequencePoints>
                <SequencePoint vc="0" uspid="47" ordinal="0" sl="47" sc="1" el="47" ec="2" bec="0" bev="0" fileid="2" />
              </SequencePoints>
              <BranchPoints />
              <MethodPoint vc="0" uspid="0" p8:type="SequencePoint" ordinal="0" offset="0" sc="0" sl="47" ec="1" el="47" bec="0" bev="0" fileid="2" xmlns:p8="xsi" />
            </Method>
            <Method cyclomaticComplexity="1" nPathComplexity="1" sequenceCoverage="0" branchCoverage="100" isConstructor="False" isGetter="True" isSetter="False" isStatic="True">
              <Summary numSequencePoints="1" visitedSequencePoints="0" numBranchPoints="0" visitedBranchPoints="0" sequenceCoverage="0" branchCoverage="100" maxCyclomaticComplexity="1" minCyclomaticComplexity="1" visitedClasses="0" numClasses="0" visitedMethods="0" numMethods="1" />
              <MetadataToken />
              <Name>System.String Microsoft.AspNetCore.OpenApi.Generated.&lt;OpenApiXmlCommentSupport_generated&gt;FAE32745299F51FE2250C95D7C4552C556E1DD3D2722FDB7C10AE4E116E5D7FAD__XmlComment::get_Description()</Name>
              <FileRef uid="2" />
              <SequencePoints>
                <SequencePoint vc="0" uspid="48" ordinal="0" sl="48" sc="1" el="48" ec="2" bec="0" bev="0" fileid="2" />
              </SequencePoints>
              <BranchPoints />
              <MethodPoint vc="0" uspid="0" p8:type="SequencePoint" ordinal="1" offset="1" sc="0" sl="48" ec="1" el="48" bec="0" bev="0" fileid="2" xmlns:p8="xsi" />
            </Method>
            <Method cyclomaticComplexity="1" nPathComplexity="1" sequenceCoverage="0" branchCoverage="100" isConstructor="False" isGetter="True" isSetter="False" isStatic="True">
              <Summary numSequencePoints="1" visitedSequencePoints="0" numBranchPoints="0" visitedBranchPoints="0" sequenceCoverage="0" branchCoverage="100" maxCyclomaticComplexity="1" minCyclomaticComplexity="1" visitedClasses="0" numClasses="0" visitedMethods="0" numMethods="1" />
              <MetadataToken />
              <Name>System.String Microsoft.AspNetCore.OpenApi.Generated.&lt;OpenApiXmlCommentSupport_generated&gt;FAE32745299F51FE2250C95D7C4552C556E1DD3D2722FDB7C10AE4E116E5D7FAD__XmlComment::get_Remarks()</Name>
              <FileRef uid="2" />
              <SequencePoints>
                <SequencePoint vc="0" uspid="49" ordinal="0" sl="49" sc="1" el="49" ec="2" bec="0" bev="0" fileid="2" />
              </SequencePoints>
              <BranchPoints />
              <MethodPoint vc="0" uspid="0" p8:type="SequencePoint" ordinal="2" offset="2" sc="0" sl="49" ec="1" el="49" bec="0" bev="0" fileid="2" xmlns:p8="xsi" />
            </Method>
            <Method cyclomaticComplexity="1" nPathComplexity="1" sequenceCoverage="0" branchCoverage="100" isConstructor="False" isGetter="True" isSetter="False" isStatic="True">
              <Summary numSequencePoints="1" visitedSequencePoints="0" numBranchPoints="0" visitedBranchPoints="0" sequenceCoverage="0" branchCoverage="100" maxCyclomaticComplexity="1" minCyclomaticComplexity="1" visitedClasses="0" numClasses="0" visitedMethods="0" numMethods="1" />
              <MetadataToken />
              <Name>System.String Microsoft.AspNetCore.OpenApi.Generated.&lt;OpenApiXmlCommentSupport_generated&gt;FAE32745299F51FE2250C95D7C4552C556E1DD3D2722FDB7C10AE4E116E5D7FAD__XmlComment::get_Returns()</Name>
              <FileRef uid="2" />
              <SequencePoints>
                <SequencePoint vc="0" uspid="50" ordinal="0" sl="50" sc="1" el="50" ec="2" bec="0" bev="0" fileid="2" />
              </SequencePoints>
              <BranchPoints />
              <MethodPoint vc="0" uspid="0" p8:type="SequencePoint" ordinal="3" offset="3" sc="0" sl="50" ec="1" el="50" bec="0" bev="0" fileid="2" xmlns:p8="xsi" />
            </Method>
            <Method cyclomaticComplexity="1" nPathComplexity="1" sequenceCoverage="0" branchCoverage="100" isConstructor="False" isGetter="True" isSetter="False" isStatic="True">
              <Summary numSequencePoints="1" visitedSequencePoints="0" numBranchPoints="0" visitedBranchPoints="0" sequenceCoverage="0" branchCoverage="100" maxCyclomaticComplexity="1" minCyclomaticComplexity="1" visitedClasses="0" numClasses="0" visitedMethods="0" numMethods="1" />
              <MetadataToken />
              <Name>System.String Microsoft.AspNetCore.OpenApi.Generated.&lt;OpenApiXmlCommentSupport_generated&gt;FAE32745299F51FE2250C95D7C4552C556E1DD3D2722FDB7C10AE4E116E5D7FAD__XmlComment::get_Value()</Name>
              <FileRef uid="2" />
              <SequencePoints>
                <SequencePoint vc="0" uspid="51" ordinal="0" sl="51" sc="1" el="51" ec="2" bec="0" bev="0" fileid="2" />
              </SequencePoints>
              <BranchPoints />
              <MethodPoint vc="0" uspid="0" p8:type="SequencePoint" ordinal="4" offset="4" sc="0" sl="51" ec="1" el="51" bec="0" bev="0" fileid="2" xmlns:p8="xsi" />
            </Method>
            <Method cyclomaticComplexity="1" nPathComplexity="1" sequenceCoverage="0" branchCoverage="100" isConstructor="False" isGetter="True" isSetter="False" isStatic="True">
              <Summary numSequencePoints="1" visitedSequencePoints="0" numBranchPoints="0" visitedBranchPoints="0" sequenceCoverage="0" branchCoverage="100" maxCyclomaticComplexity="1" minCyclomaticComplexity="1" visitedClasses="0" numClasses="0" visitedMethods="0" numMethods="1" />
              <MetadataToken />
              <Name>System.Boolean Microsoft.AspNetCore.OpenApi.Generated.&lt;OpenApiXmlCommentSupport_generated&gt;FAE32745299F51FE2250C95D7C4552C556E1DD3D2722FDB7C10AE4E116E5D7FAD__XmlComment::get_Deprecated()</Name>
              <FileRef uid="2" />
              <SequencePoints>
                <SequencePoint vc="0" uspid="52" ordinal="0" sl="52" sc="1" el="52" ec="2" bec="0" bev="0" fileid="2" />
              </SequencePoints>
              <BranchPoints />
              <MethodPoint vc="0" uspid="0" p8:type="SequencePoint" ordinal="5" offset="5" sc="0" sl="52" ec="1" el="52" bec="0" bev="0" fileid="2" xmlns:p8="xsi" />
            </Method>
            <Method cyclomaticComplexity="1" nPathComplexity="1" sequenceCoverage="0" branchCoverage="100" isConstructor="False" isGetter="True" isSetter="False" isStatic="True">
              <Summary numSequencePoints="1" visitedSequencePoints="0" numBranchPoints="0" visitedBranchPoints="0" sequenceCoverage="0" branchCoverage="100" maxCyclomaticComplexity="1" minCyclomaticComplexity="1" visitedClasses="0" numClasses="0" visitedMethods="0" numMethods="1" />
              <MetadataToken />
              <Name>System.Collections.Generic.List`1&lt;System.String&gt; Microsoft.AspNetCore.OpenApi.Generated.&lt;OpenApiXmlCommentSupport_generated&gt;FAE32745299F51FE2250C95D7C4552C556E1DD3D2722FDB7C10AE4E116E5D7FAD__XmlComment::get_Examples()</Name>
              <FileRef uid="2" />
              <SequencePoints>
                <SequencePoint vc="0" uspid="53" ordinal="0" sl="53" sc="1" el="53" ec="2" bec="0" bev="0" fileid="2" />
              </SequencePoints>
              <BranchPoints />
              <MethodPoint vc="0" uspid="0" p8:type="SequencePoint" ordinal="6" offset="6" sc="0" sl="53" ec="1" el="53" bec="0" bev="0" fileid="2" xmlns:p8="xsi" />
            </Method>
            <Method cyclomaticComplexity="1" nPathComplexity="1" sequenceCoverage="0" branchCoverage="100" isConstructor="False" isGetter="True" isSetter="False" isStatic="True">
              <Summary numSequencePoints="1" visitedSequencePoints="0" numBranchPoints="0" visitedBranchPoints="0" sequenceCoverage="0" branchCoverage="100" maxCyclomaticComplexity="1" minCyclomaticComplexity="1" visitedClasses="0" numClasses="0" visitedMethods="0" numMethods="1" />
              <MetadataToken />
              <Name>System.Collections.Generic.List`1&lt;Microsoft.AspNetCore.OpenApi.Generated.&lt;OpenApiXmlCommentSupport_generated&gt;FAE32745299F51FE2250C95D7C4552C556E1DD3D2722FDB7C10AE4E116E5D7FAD__XmlParameterComment&gt; Microsoft.AspNetCore.OpenApi.Generated.&lt;OpenApiXmlCommentSupport_generated&gt;FAE32745299F51FE2250C95D7C4552C556E1DD3D2722FDB7C10AE4E116E5D7FAD__XmlComment::get_Parameters()</Name>
              <FileRef uid="2" />
              <SequencePoints>
                <SequencePoint vc="0" uspid="54" ordinal="0" sl="54" sc="1" el="54" ec="2" bec="0" bev="0" fileid="2" />
              </SequencePoints>
              <BranchPoints />
              <MethodPoint vc="0" uspid="0" p8:type="SequencePoint" ordinal="7" offset="7" sc="0" sl="54" ec="1" el="54" bec="0" bev="0" fileid="2" xmlns:p8="xsi" />
            </Method>
            <Method cyclomaticComplexity="1" nPathComplexity="1" sequenceCoverage="0" branchCoverage="100" isConstructor="False" isGetter="True" isSetter="False" isStatic="True">
              <Summary numSequencePoints="1" visitedSequencePoints="0" numBranchPoints="0" visitedBranchPoints="0" sequenceCoverage="0" branchCoverage="100" maxCyclomaticComplexity="1" minCyclomaticComplexity="1" visitedClasses="0" numClasses="0" visitedMethods="0" numMethods="1" />
              <MetadataToken />
              <Name>System.Collections.Generic.List`1&lt;Microsoft.AspNetCore.OpenApi.Generated.&lt;OpenApiXmlCommentSupport_generated&gt;FAE32745299F51FE2250C95D7C4552C556E1DD3D2722FDB7C10AE4E116E5D7FAD__XmlResponseComment&gt; Microsoft.AspNetCore.OpenApi.Generated.&lt;OpenApiXmlCommentSupport_generated&gt;FAE32745299F51FE2250C95D7C4552C556E1DD3D2722FDB7C10AE4E116E5D7FAD__XmlComment::get_Responses()</Name>
              <FileRef uid="2" />
              <SequencePoints>
                <SequencePoint vc="0" uspid="55" ordinal="0" sl="55" sc="1" el="55" ec="2" bec="0" bev="0" fileid="2" />
              </SequencePoints>
              <BranchPoints />
              <MethodPoint vc="0" uspid="0" p8:type="SequencePoint" ordinal="8" offset="8" sc="0" sl="55" ec="1" el="55" bec="0" bev="0" fileid="2" xmlns:p8="xsi" />
            </Method>
            <Method cyclomaticComplexity="1" nPathComplexity="1" sequenceCoverage="0" branchCoverage="100" isConstructor="True" isGetter="False" isSetter="False" isStatic="True">
              <Summary numSequencePoints="1" visitedSequencePoints="0" numBranchPoints="0" visitedBranchPoints="0" sequenceCoverage="0" branchCoverage="100" maxCyclomaticComplexity="1" minCyclomaticComplexity="1" visitedClasses="0" numClasses="0" visitedMethods="0" numMethods="1" />
              <MetadataToken />
              <Name>System.Void Microsoft.AspNetCore.OpenApi.Generated.&lt;OpenApiXmlCommentSupport_generated&gt;FAE32745299F51FE2250C95D7C4552C556E1DD3D2722FDB7C10AE4E116E5D7FAD__XmlComment::.ctor(System.String,System.String,System.String,System.String,System.String,System.Boolean,System.Collections.Generic.List`1&lt;System.String&gt;,System.Collections.Generic.List`1&lt;Microsoft.AspNetCore.OpenApi.Generated.&lt;OpenApiXmlCommentSupport_generated&gt;FAE32745299F51FE2250C95D7C4552C556E1DD3D2722FDB7C10AE4E116E5D7FAD__XmlParameterComment&gt;,System.Collections.Generic.List`1&lt;Microsoft.AspNetCore.OpenApi.Generated.&lt;OpenApiXmlCommentSupport_generated&gt;FAE32745299F51FE2250C95D7C4552C556E1DD3D2722FDB7C10AE4E116E5D7FAD__XmlResponseComment&gt;)</Name>
              <FileRef uid="2" />
              <SequencePoints>
                <SequencePoint vc="0" uspid="46" ordinal="0" sl="46" sc="1" el="46" ec="2" bec="0" bev="0" fileid="2" />
              </SequencePoints>
              <BranchPoints />
              <MethodPoint vc="0" uspid="0" p8:type="SequencePoint" ordinal="9" offset="9" sc="0" sl="46" ec="1" el="46" bec="0" bev="0" fileid="2" xmlns:p8="xsi" />
            </Method>
          </Methods>
        </Class>
        <Class>
          <Summary numSequencePoints="1" visitedSequencePoints="0" numBranchPoints="0" visitedBranchPoints="0" sequenceCoverage="0" branchCoverage="100" maxCyclomaticComplexity="1" minCyclomaticComplexity="1" visitedClasses="0" numClasses="1" visitedMethods="0" numMethods="1" />
          <FullName>Microsoft.AspNetCore.OpenApi.Generated.&lt;OpenApiXmlCommentSupport_generated&gt;FAE32745299F51FE2250C95D7C4552C556E1DD3D2722FDB7C10AE4E116E5D7FAD__XmlParameterComment</FullName>
          <Methods>
            <Method cyclomaticComplexity="1" nPathComplexity="1" sequenceCoverage="0" branchCoverage="100" isConstructor="False" isGetter="True" isSetter="False" isStatic="True">
              <Summary numSequencePoints="1" visitedSequencePoints="0" numBranchPoints="0" visitedBranchPoints="0" sequenceCoverage="0" branchCoverage="100" maxCyclomaticComplexity="1" minCyclomaticComplexity="1" visitedClasses="0" numClasses="0" visitedMethods="0" numMethods="1" />
              <MetadataToken />
              <Name>System.String Microsoft.AspNetCore.OpenApi.Generated.&lt;OpenApiXmlCommentSupport_generated&gt;FAE32745299F51FE2250C95D7C4552C556E1DD3D2722FDB7C10AE4E116E5D7FAD__XmlParameterComment::get_Name()</Name>
              <FileRef uid="2" />
              <SequencePoints>
                <SequencePoint vc="0" uspid="58" ordinal="0" sl="58" sc="1" el="58" ec="2" bec="0" bev="0" fileid="2" />
              </SequencePoints>
              <BranchPoints />
              <MethodPoint vc="0" uspid="0" p8:type="SequencePoint" ordinal="0" offset="0" sc="0" sl="58" ec="1" el="58" bec="0" bev="0" fileid="2" xmlns:p8="xsi" />
            </Method>
          </Methods>
        </Class>
        <Class>
          <Summary numSequencePoints="1" visitedSequencePoints="0" numBranchPoints="0" visitedBranchPoints="0" sequenceCoverage="0" branchCoverage="100" maxCyclomaticComplexity="1" minCyclomaticComplexity="1" visitedClasses="0" numClasses="1" visitedMethods="0" numMethods="1" />
          <FullName>Microsoft.AspNetCore.OpenApi.Generated.&lt;OpenApiXmlCommentSupport_generated&gt;FAE32745299F51FE2250C95D7C4552C556E1DD3D2722FDB7C10AE4E116E5D7FAD__XmlResponseComment</FullName>
          <Methods>
            <Method cyclomaticComplexity="1" nPathComplexity="1" sequenceCoverage="0" branchCoverage="100" isConstructor="False" isGetter="True" isSetter="False" isStatic="True">
              <Summary numSequencePoints="1" visitedSequencePoints="0" numBranchPoints="0" visitedBranchPoints="0" sequenceCoverage="0" branchCoverage="100" maxCyclomaticComplexity="1" minCyclomaticComplexity="1" visitedClasses="0" numClasses="0" visitedMethods="0" numMethods="1" />
              <MetadataToken />
              <Name>System.String Microsoft.AspNetCore.OpenApi.Generated.&lt;OpenApiXmlCommentSupport_generated&gt;FAE32745299F51FE2250C95D7C4552C556E1DD3D2722FDB7C10AE4E116E5D7FAD__XmlResponseComment::get_Code()</Name>
              <FileRef uid="2" />
              <SequencePoints>
                <SequencePoint vc="0" uspid="61" ordinal="0" sl="61" sc="1" el="61" ec="2" bec="0" bev="0" fileid="2" />
              </SequencePoints>
              <BranchPoints />
              <MethodPoint vc="0" uspid="0" p8:type="SequencePoint" ordinal="0" offset="0" sc="0" sl="61" ec="1" el="61" bec="0" bev="0" fileid="2" xmlns:p8="xsi" />
            </Method>
          </Methods>
        </Class>
        <Class>
          <Summary numSequencePoints="5" visitedSequencePoints="0" numBranchPoints="2" visitedBranchPoints="0" sequenceCoverage="0" branchCoverage="0" maxCyclomaticComplexity="2" minCyclomaticComplexity="1" visitedClasses="0" numClasses="1" visitedMethods="0" numMethods="2" />
          <FullName>Microsoft.AspNetCore.OpenApi.Generated.&lt;OpenApiXmlCommentSupport_generated&gt;FAE32745299F51FE2250C95D7C4552C556E1DD3D2722FDB7C10AE4E116E5D7FAD__XmlCommentCache</FullName>
          <Methods>
            <Method cyclomaticComplexity="2" nPathComplexity="2" sequenceCoverage="0" branchCoverage="0" isConstructor="False" isGetter="True" isSetter="False" isStatic="True">
              <Summary numSequencePoints="1" visitedSequencePoints="0" numBranchPoints="2" visitedBranchPoints="0" sequenceCoverage="0" branchCoverage="0" maxCyclomaticComplexity="2" minCyclomaticComplexity="2" visitedClasses="0" numClasses="0" visitedMethods="0" numMethods="1" />
              <MetadataToken />
              <Name>System.Collections.Generic.Dictionary`2&lt;System.String,Microsoft.AspNetCore.OpenApi.Generated.&lt;OpenApiXmlCommentSupport_generated&gt;FAE32745299F51FE2250C95D7C4552C556E1DD3D2722FDB7C10AE4E116E5D7FAD__XmlComment&gt; Microsoft.AspNetCore.OpenApi.Generated.&lt;OpenApiXmlCommentSupport_generated&gt;FAE32745299F51FE2250C95D7C4552C556E1DD3D2722FDB7C10AE4E116E5D7FAD__XmlCommentCache::get_Cache()</Name>
              <FileRef uid="2" />
              <SequencePoints>
                <SequencePoint vc="0" uspid="67" ordinal="0" sl="67" sc="1" el="67" ec="2" bec="2" bev="0" fileid="2" />
              </SequencePoints>
              <BranchPoints>
                <BranchPoint vc="0" uspid="67" ordinal="0" path="0" offset="6" offsetend="8" sl="67" fileid="2" />
                <BranchPoint vc="0" uspid="67" ordinal="1" path="1" offset="6" offsetend="20" sl="67" fileid="2" />
              </BranchPoints>
              <MethodPoint vc="0" uspid="0" p8:type="SequencePoint" ordinal="0" offset="0" sc="0" sl="67" ec="1" el="67" bec="0" bev="0" fileid="2" xmlns:p8="xsi" />
            </Method>
            <Method cyclomaticComplexity="1" nPathComplexity="1" sequenceCoverage="0" branchCoverage="100" isConstructor="False" isGetter="False" isSetter="False" isStatic="True">
              <Summary numSequencePoints="4" visitedSequencePoints="0" numBranchPoints="0" visitedBranchPoints="0" sequenceCoverage="0" branchCoverage="100" maxCyclomaticComplexity="1" minCyclomaticComplexity="1" visitedClasses="0" numClasses="0" visitedMethods="0" numMethods="1" />
              <MetadataToken />
              <Name>System.Collections.Generic.Dictionary`2&lt;System.String,Microsoft.AspNetCore.OpenApi.Generated.&lt;OpenApiXmlCommentSupport_generated&gt;FAE32745299F51FE2250C95D7C4552C556E1DD3D2722FDB7C10AE4E116E5D7FAD__XmlComment&gt; Microsoft.AspNetCore.OpenApi.Generated.&lt;OpenApiXmlCommentSupport_generated&gt;FAE32745299F51FE2250C95D7C4552C556E1DD3D2722FDB7C10AE4E116E5D7FAD__XmlCommentCache::GenerateCacheEntries()</Name>
              <FileRef uid="2" />
              <SequencePoints>
                <SequencePoint vc="0" uspid="70" ordinal="0" sl="70" sc="1" el="70" ec="2" bec="0" bev="0" fileid="2" />
                <SequencePoint vc="0" uspid="71" ordinal="1" sl="71" sc="1" el="71" ec="2" bec="0" bev="0" fileid="2" />
                <SequencePoint vc="0" uspid="74" ordinal="2" sl="74" sc="1" el="74" ec="2" bec="0" bev="0" fileid="2" />
                <SequencePoint vc="0" uspid="75" ordinal="3" sl="75" sc="1" el="75" ec="2" bec="0" bev="0" fileid="2" />
              </SequencePoints>
              <BranchPoints />
              <MethodPoint vc="0" uspid="0" p8:type="SequencePoint" ordinal="1" offset="1" sc="0" sl="70" ec="1" el="75" bec="0" bev="0" fileid="2" xmlns:p8="xsi" />
            </Method>
          </Methods>
        </Class>
        <Class>
          <Summary numSequencePoints="155" visitedSequencePoints="0" numBranchPoints="68" visitedBranchPoints="0" sequenceCoverage="0" branchCoverage="0" maxCyclomaticComplexity="28" minCyclomaticComplexity="2" visitedClasses="0" numClasses="1" visitedMethods="0" numMethods="6" />
          <FullName>Microsoft.AspNetCore.OpenApi.Generated.&lt;OpenApiXmlCommentSupport_generated&gt;FAE32745299F51FE2250C95D7C4552C556E1DD3D2722FDB7C10AE4E116E5D7FAD__DocumentationCommentIdHelper</FullName>
          <Methods>
            <Method cyclomaticComplexity="2" nPathComplexity="2" sequenceCoverage="0" branchCoverage="0" isConstructor="False" isGetter="False" isSetter="False" isStatic="True">
              <Summary numSequencePoints="6" visitedSequencePoints="0" numBranchPoints="2" visitedBranchPoints="0" sequenceCoverage="0" branchCoverage="0" maxCyclomaticComplexity="2" minCyclomaticComplexity="2" visitedClasses="0" numClasses="0" visitedMethods="0" numMethods="1" />
              <MetadataToken />
              <Name>System.String Microsoft.AspNetCore.OpenApi.Generated.&lt;OpenApiXmlCommentSupport_generated&gt;FAE32745299F51FE2250C95D7C4552C556E1DD3D2722FDB7C10AE4E116E5D7FAD__DocumentationCommentIdHelper::CreateDocumentationId(System.Type)</Name>
              <FileRef uid="2" />
              <SequencePoints>
                <SequencePoint vc="0" uspid="86" ordinal="0" sl="86" sc="1" el="86" ec="2" bec="0" bev="0" fileid="2" />
                <SequencePoint vc="0" uspid="87" ordinal="1" sl="87" sc="1" el="87" ec="2" bec="2" bev="0" fileid="2" />
                <SequencePoint vc="0" uspid="88" ordinal="2" sl="88" sc="1" el="88" ec="2" bec="0" bev="0" fileid="2" />
                <SequencePoint vc="0" uspid="89" ordinal="3" sl="89" sc="1" el="89" ec="2" bec="0" bev="0" fileid="2" />
                <SequencePoint vc="0" uspid="92" ordinal="4" sl="92" sc="1" el="92" ec="2" bec="0" bev="0" fileid="2" />
                <SequencePoint vc="0" uspid="93" ordinal="5" sl="93" sc="1" el="93" ec="2" bec="0" bev="0" fileid="2" />
              </SequencePoints>
              <BranchPoints>
                <BranchPoint vc="0" uspid="87" ordinal="0" path="0" offset="10" offsetend="12" sl="87" fileid="2" />
                <BranchPoint vc="0" uspid="87" ordinal="1" path="1" offset="10" offsetend="24" sl="87" fileid="2" />
              </BranchPoints>
              <MethodPoint vc="0" uspid="0" p8:type="SequencePoint" ordinal="0" offset="0" sc="0" sl="86" ec="1" el="93" bec="0" bev="0" fileid="2" xmlns:p8="xsi" />
            </Method>
            <Method cyclomaticComplexity="10" nPathComplexity="10" sequenceCoverage="0" branchCoverage="0" isConstructor="False" isGetter="False" isSetter="False" isStatic="True">
              <Summary numSequencePoints="28" visitedSequencePoints="0" numBranchPoints="10" visitedBranchPoints="0" sequenceCoverage="0" branchCoverage="0" maxCyclomaticComplexity="10" minCyclomaticComplexity="10" visitedClasses="0" numClasses="0" visitedMethods="0" numMethods="1" />
              <MetadataToken />
              <Name>System.String Microsoft.AspNetCore.OpenApi.Generated.&lt;OpenApiXmlCommentSupport_generated&gt;FAE32745299F51FE2250C95D7C4552C556E1DD3D2722FDB7C10AE4E116E5D7FAD__DocumentationCommentIdHelper::CreateDocumentationId(System.Reflection.PropertyInfo)</Name>
              <FileRef uid="2" />
              <SequencePoints>
                <SequencePoint vc="0" uspid="100" ordinal="0" sl="100" sc="1" el="100" ec="2" bec="0" bev="0" fileid="2" />
                <SequencePoint vc="0" uspid="101" ordinal="1" sl="101" sc="1" el="101" ec="2" bec="2" bev="0" fileid="2" />
                <SequencePoint vc="0" uspid="102" ordinal="2" sl="102" sc="1" el="102" ec="2" bec="0" bev="0" fileid="2" />
                <SequencePoint vc="0" uspid="103" ordinal="3" sl="103" sc="1" el="103" ec="2" bec="0" bev="0" fileid="2" />
                <SequencePoint vc="0" uspid="106" ordinal="4" sl="106" sc="1" el="106" ec="2" bec="0" bev="0" fileid="2" />
                <SequencePoint vc="0" uspid="107" ordinal="5" sl="107" sc="1" el="107" ec="2" bec="0" bev="0" fileid="2" />
                <SequencePoint vc="0" uspid="109" ordinal="6" sl="109" sc="1" el="109" ec="2" bec="2" bev="0" fileid="2" />
                <SequencePoint vc="0" uspid="110" ordinal="7" sl="110" sc="1" el="110" ec="2" bec="0" bev="0" fileid="2" />
                <SequencePoint vc="0" uspid="111" ordinal="8" sl="111" sc="1" el="111" ec="2" bec="0" bev="0" fileid="2" />
                <SequencePoint vc="0" uspid="112" ordinal="9" sl="112" sc="1" el="112" ec="2" bec="0" bev="0" fileid="2" />
                <SequencePoint vc="0" uspid="114" ordinal="10" sl="114" sc="1" el="114" ec="2" bec="0" bev="0" fileid="2" />
                <SequencePoint vc="0" uspid="115" ordinal="11" sl="115" sc="1" el="115" ec="2" bec="0" bev="0" fileid="2" />
                <SequencePoint vc="0" uspid="118" ordinal="12" sl="118" sc="1" el="118" ec="2" bec="0" bev="0" fileid="2" />
                <SequencePoint vc="0" uspid="119" ordinal="13" sl="119" sc="1" el="119" ec="2" bec="2" bev="0" fileid="2" />
                <SequencePoint vc="0" uspid="120" ordinal="14" sl="120" sc="1" el="120" ec="2" bec="0" bev="0" fileid="2" />
                <SequencePoint vc="0" uspid="121" ordinal="15" sl="121" sc="1" el="121" ec="2" bec="0" bev="0" fileid="2" />
                <SequencePoint vc="0" uspid="122" ordinal="16" sl="122" sc="1" el="122" ec="2" bec="2" bev="0" fileid="2" />
                <SequencePoint vc="0" uspid="123" ordinal="17" sl="123" sc="1" el="123" ec="2" bec="0" bev="0" fileid="2" />
                <SequencePoint vc="0" uspid="124" ordinal="18" sl="124" sc="1" el="124" ec="2" bec="2" bev="0" fileid="2" />
                <SequencePoint vc="0" uspid="125" ordinal="19" sl="125" sc="1" el="125" ec="2" bec="0" bev="0" fileid="2" />
                <SequencePoint vc="0" uspid="126" ordinal="20" sl="126" sc="1" el="126" ec="2" bec="0" bev="0" fileid="2" />
                <SequencePoint vc="0" uspid="127" ordinal="21" sl="127" sc="1" el="127" ec="2" bec="0" bev="0" fileid="2" />
                <SequencePoint vc="0" uspid="129" ordinal="22" sl="129" sc="1" el="129" ec="2" bec="0" bev="0" fileid="2" />
                <SequencePoint vc="0" uspid="130" ordinal="23" sl="130" sc="1" el="130" ec="2" bec="0" bev="0" fileid="2" />
                <SequencePoint vc="0" uspid="131" ordinal="24" sl="131" sc="1" el="131" ec="2" bec="0" bev="0" fileid="2" />
                <SequencePoint vc="0" uspid="132" ordinal="25" sl="132" sc="1" el="132" ec="2" bec="0" bev="0" fileid="2" />
                <SequencePoint vc="0" uspid="134" ordinal="26" sl="134" sc="1" el="134" ec="2" bec="0" bev="0" fileid="2" />
                <SequencePoint vc="0" uspid="135" ordinal="27" sl="135" sc="1" el="135" ec="2" bec="0" bev="0" fileid="2" />
              </SequencePoints>
              <BranchPoints>
                <BranchPoint vc="0" uspid="101" ordinal="0" path="0" offset="10" offsetend="12" sl="101" fileid="2" />
                <BranchPoint vc="0" uspid="101" ordinal="1" path="1" offset="10" offsetend="24" sl="101" fileid="2" />
                <BranchPoint vc="0" uspid="109" ordinal="2" path="0" offset="56" offsetend="58" sl="109" fileid="2" />
                <BranchPoint vc="0" uspid="109" ordinal="3" path="1" offset="56" offsetend="80" sl="109" fileid="2" />
                <BranchPoint vc="0" uspid="119" ordinal="4" path="0" offset="118" offsetend="120" sl="119" fileid="2" />
                <BranchPoint vc="0" uspid="122" ordinal="9" path="1" offset="199" offsetend="135" sl="122" fileid="2" />
                <BranchPoint vc="0" uspid="124" ordinal="6" path="0" offset="145" offsetend="147" sl="124" fileid="2" />
                <BranchPoint vc="0" uspid="124" ordinal="7" path="1" offset="145" offsetend="158" sl="124" fileid="2" />
                <BranchPoint vc="0" uspid="122" ordinal="8" path="0" offset="199" offsetend="201" sl="122" fileid="2" />
                <BranchPoint vc="0" uspid="119" ordinal="5" path="1" offset="118" offsetend="211" sl="119" fileid="2" />
              </BranchPoints>
              <MethodPoint vc="0" uspid="0" p8:type="SequencePoint" ordinal="1" offset="1" sc="0" sl="100" ec="1" el="135" bec="0" bev="0" fileid="2" xmlns:p8="xsi" />
            </Method>
            <Method cyclomaticComplexity="4" nPathComplexity="4" sequenceCoverage="0" branchCoverage="0" isConstructor="False" isGetter="False" isSetter="False" isStatic="True">
              <Summary numSequencePoints="14" visitedSequencePoints="0" numBranchPoints="4" visitedBranchPoints="0" sequenceCoverage="0" branchCoverage="0" maxCyclomaticComplexity="4" minCyclomaticComplexity="4" visitedClasses="0" numClasses="0" visitedMethods="0" numMethods="1" />
              <MetadataToken />
              <Name>System.String Microsoft.AspNetCore.OpenApi.Generated.&lt;OpenApiXmlCommentSupport_generated&gt;FAE32745299F51FE2250C95D7C4552C556E1DD3D2722FDB7C10AE4E116E5D7FAD__DocumentationCommentIdHelper::CreateDocumentationId(System.Type,System.String)</Name>
              <FileRef uid="2" />
              <SequencePoints>
                <SequencePoint vc="0" uspid="142" ordinal="0" sl="142" sc="1" el="142" ec="2" bec="0" bev="0" fileid="2" />
                <SequencePoint vc="0" uspid="143" ordinal="1" sl="143" sc="1" el="143" ec="2" bec="2" bev="0" fileid="2" />
                <SequencePoint vc="0" uspid="144" ordinal="2" sl="144" sc="1" el="144" ec="2" bec="0" bev="0" fileid="2" />
                <SequencePoint vc="0" uspid="145" ordinal="3" sl="145" sc="1" el="145" ec="2" bec="0" bev="0" fileid="2" />
                <SequencePoint vc="0" uspid="147" ordinal="4" sl="147" sc="1" el="147" ec="2" bec="2" bev="0" fileid="2" />
                <SequencePoint vc="0" uspid="148" ordinal="5" sl="148" sc="1" el="148" ec="2" bec="0" bev="0" fileid="2" />
                <SequencePoint vc="0" uspid="149" ordinal="6" sl="149" sc="1" el="149" ec="2" bec="0" bev="0" fileid="2" />
                <SequencePoint vc="0" uspid="152" ordinal="7" sl="152" sc="1" el="152" ec="2" bec="0" bev="0" fileid="2" />
                <SequencePoint vc="0" uspid="153" ordinal="8" sl="153" sc="1" el="153" ec="2" bec="0" bev="0" fileid="2" />
                <SequencePoint vc="0" uspid="154" ordinal="9" sl="154" sc="1" el="154" ec="2" bec="0" bev="0" fileid="2" />
                <SequencePoint vc="0" uspid="155" ordinal="10" sl="155" sc="1" el="155" ec="2" bec="0" bev="0" fileid="2" />
                <SequencePoint vc="0" uspid="156" ordinal="11" sl="156" sc="1" el="156" ec="2" bec="0" bev="0" fileid="2" />
                <SequencePoint vc="0" uspid="158" ordinal="12" sl="158" sc="1" el="158" ec="2" bec="0" bev="0" fileid="2" />
                <SequencePoint vc="0" uspid="159" ordinal="13" sl="159" sc="1" el="159" ec="2" bec="0" bev="0" fileid="2" />
              </SequencePoints>
              <BranchPoints>
                <BranchPoint vc="0" uspid="143" ordinal="0" path="0" offset="10" offsetend="12" sl="143" fileid="2" />
                <BranchPoint vc="0" uspid="143" ordinal="1" path="1" offset="10" offsetend="24" sl="143" fileid="2" />
                <BranchPoint vc="0" uspid="147" ordinal="2" path="0" offset="32" offsetend="34" sl="147" fileid="2" />
                <BranchPoint vc="0" uspid="147" ordinal="3" path="1" offset="32" offsetend="51" sl="147" fileid="2" />
              </BranchPoints>
              <MethodPoint vc="0" uspid="0" p8:type="SequencePoint" ordinal="2" offset="2" sc="0" sl="142" ec="1" el="159" bec="0" bev="0" fileid="2" xmlns:p8="xsi" />
            </Method>
            <Method cyclomaticComplexity="18" nPathComplexity="18" sequenceCoverage="0" branchCoverage="0" isConstructor="False" isGetter="False" isSetter="False" isStatic="True">
              <Summary numSequencePoints="44" visitedSequencePoints="0" numBranchPoints="18" visitedBranchPoints="0" sequenceCoverage="0" branchCoverage="0" maxCyclomaticComplexity="18" minCyclomaticComplexity="18" visitedClasses="0" numClasses="0" visitedMethods="0" numMethods="1" />
              <MetadataToken />
              <Name>System.String Microsoft.AspNetCore.OpenApi.Generated.&lt;OpenApiXmlCommentSupport_generated&gt;FAE32745299F51FE2250C95D7C4552C556E1DD3D2722FDB7C10AE4E116E5D7FAD__DocumentationCommentIdHelper::CreateDocumentationId(System.Reflection.MethodInfo)</Name>
              <FileRef uid="2" />
              <SequencePoints>
                <SequencePoint vc="0" uspid="168" ordinal="0" sl="168" sc="1" el="168" ec="2" bec="0" bev="0" fileid="2" />
                <SequencePoint vc="0" uspid="169" ordinal="1" sl="169" sc="1" el="169" ec="2" bec="2" bev="0" fileid="2" />
                <SequencePoint vc="0" uspid="170" ordinal="2" sl="170" sc="1" el="170" ec="2" bec="0" bev="0" fileid="2" />
                <SequencePoint vc="0" uspid="171" ordinal="3" sl="171" sc="1" el="171" ec="2" bec="0" bev="0" fileid="2" />
                <SequencePoint vc="0" uspid="174" ordinal="4" sl="174" sc="1" el="174" ec="2" bec="0" bev="0" fileid="2" />
                <SequencePoint vc="0" uspid="175" ordinal="5" sl="175" sc="1" el="175" ec="2" bec="0" bev="0" fileid="2" />
                <SequencePoint vc="0" uspid="178" ordinal="6" sl="178" sc="1" el="178" ec="2" bec="2" bev="0" fileid="2" />
                <SequencePoint vc="0" uspid="179" ordinal="7" sl="179" sc="1" el="179" ec="2" bec="0" bev="0" fileid="2" />
                <SequencePoint vc="0" uspid="180" ordinal="8" sl="180" sc="1" el="180" ec="2" bec="0" bev="0" fileid="2" />
                <SequencePoint vc="0" uspid="181" ordinal="9" sl="181" sc="1" el="181" ec="2" bec="0" bev="0" fileid="2" />
                <SequencePoint vc="0" uspid="183" ordinal="10" sl="183" sc="1" el="183" ec="2" bec="0" bev="0" fileid="2" />
                <SequencePoint vc="0" uspid="186" ordinal="11" sl="186" sc="1" el="186" ec="2" bec="2" bev="0" fileid="2" />
                <SequencePoint vc="0" uspid="187" ordinal="12" sl="187" sc="1" el="187" ec="2" bec="0" bev="0" fileid="2" />
                <SequencePoint vc="0" uspid="188" ordinal="13" sl="188" sc="1" el="188" ec="2" bec="2" bev="0" fileid="2" />
                <SequencePoint vc="0" uspid="189" ordinal="14" sl="189" sc="1" el="189" ec="2" bec="0" bev="0" fileid="2" />
                <SequencePoint vc="0" uspid="191" ordinal="15" sl="191" sc="1" el="191" ec="2" bec="0" bev="0" fileid="2" />
                <SequencePoint vc="0" uspid="192" ordinal="16" sl="192" sc="1" el="192" ec="2" bec="0" bev="0" fileid="2" />
                <SequencePoint vc="0" uspid="193" ordinal="17" sl="193" sc="1" el="193" ec="2" bec="2" bev="0" fileid="2" />
                <SequencePoint vc="0" uspid="194" ordinal="18" sl="194" sc="1" el="194" ec="2" bec="0" bev="0" fileid="2" />
                <SequencePoint vc="0" uspid="195" ordinal="19" sl="195" sc="1" el="195" ec="2" bec="0" bev="0" fileid="2" />
                <SequencePoint vc="0" uspid="196" ordinal="20" sl="196" sc="1" el="196" ec="2" bec="0" bev="0" fileid="2" />
                <SequencePoint vc="0" uspid="197" ordinal="21" sl="197" sc="1" el="197" ec="2" bec="0" bev="0" fileid="2" />
                <SequencePoint vc="0" uspid="198" ordinal="22" sl="198" sc="1" el="198" ec="2" bec="0" bev="0" fileid="2" />
                <SequencePoint vc="0" uspid="201" ordinal="23" sl="201" sc="1" el="201" ec="2" bec="0" bev="0" fileid="2" />
                <SequencePoint vc="0" uspid="202" ordinal="24" sl="202" sc="1" el="202" ec="2" bec="2" bev="0" fileid="2" />
                <SequencePoint vc="0" uspid="203" ordinal="25" sl="203" sc="1" el="203" ec="2" bec="0" bev="0" fileid="2" />
                <SequencePoint vc="0" uspid="204" ordinal="26" sl="204" sc="1" el="204" ec="2" bec="0" bev="0" fileid="2" />
                <SequencePoint vc="0" uspid="205" ordinal="27" sl="205" sc="1" el="205" ec="2" bec="2" bev="0" fileid="2" />
                <SequencePoint vc="0" uspid="206" ordinal="28" sl="206" sc="1" el="206" ec="2" bec="0" bev="0" fileid="2" />
                <SequencePoint vc="0" uspid="207" ordinal="29" sl="207" sc="1" el="207" ec="2" bec="2" bev="0" fileid="2" />
                <SequencePoint vc="0" uspid="208" ordinal="30" sl="208" sc="1" el="208" ec="2" bec="0" bev="0" fileid="2" />
                <SequencePoint vc="0" uspid="209" ordinal="31" sl="209" sc="1" el="209" ec="2" bec="0" bev="0" fileid="2" />
                <SequencePoint vc="0" uspid="210" ordinal="32" sl="210" sc="1" el="210" ec="2" bec="0" bev="0" fileid="2" />
                <SequencePoint vc="0" uspid="213" ordinal="33" sl="213" sc="1" el="213" ec="2" bec="0" bev="0" fileid="2" />
                <SequencePoint vc="0" uspid="214" ordinal="34" sl="214" sc="1" el="214" ec="2" bec="0" bev="0" fileid="2" />
                <SequencePoint vc="0" uspid="215" ordinal="35" sl="215" sc="1" el="215" ec="2" bec="0" bev="0" fileid="2" />
                <SequencePoint vc="0" uspid="216" ordinal="36" sl="216" sc="1" el="216" ec="2" bec="0" bev="0" fileid="2" />
                <SequencePoint vc="0" uspid="219" ordinal="37" sl="219" sc="1" el="219" ec="2" bec="2" bev="0" fileid="2" />
                <SequencePoint vc="0" uspid="220" ordinal="38" sl="220" sc="1" el="220" ec="2" bec="0" bev="0" fileid="2" />
                <SequencePoint vc="0" uspid="221" ordinal="39" sl="221" sc="1" el="221" ec="2" bec="0" bev="0" fileid="2" />
                <SequencePoint vc="0" uspid="223" ordinal="40" sl="223" sc="1" el="223" ec="2" bec="0" bev="0" fileid="2" />
                <SequencePoint vc="0" uspid="224" ordinal="41" sl="224" sc="1" el="224" ec="2" bec="0" bev="0" fileid="2" />
                <SequencePoint vc="0" uspid="226" ordinal="42" sl="226" sc="1" el="226" ec="2" bec="0" bev="0" fileid="2" />
                <SequencePoint vc="0" uspid="227" ordinal="43" sl="227" sc="1" el="227" ec="2" bec="0" bev="0" fileid="2" />
              </SequencePoints>
              <BranchPoints>
                <BranchPoint vc="0" uspid="169" ordinal="0" path="0" offset="10" offsetend="12" sl="169" fileid="2" />
                <BranchPoint vc="0" uspid="169" ordinal="1" path="1" offset="10" offsetend="24" sl="169" fileid="2" />
                <BranchPoint vc="0" uspid="178" ordinal="2" path="0" offset="56" offsetend="58" sl="178" fileid="2" />
                <BranchPoint vc="0" uspid="178" ordinal="3" path="1" offset="56" offsetend="80" sl="178" fileid="2" />
                <BranchPoint vc="0" uspid="186" ordinal="4" path="0" offset="99" offsetend="101" sl="186" fileid="2" />
                <BranchPoint vc="0" uspid="188" ordinal="6" path="0" offset="109" offsetend="111" sl="188" fileid="2" />
                <BranchPoint vc="0" uspid="188" ordinal="7" path="1" offset="109" offsetend="118" sl="188" fileid="2" />
                <BranchPoint vc="0" uspid="186" ordinal="5" path="1" offset="99" offsetend="132" sl="186" fileid="2" />
                <BranchPoint vc="0" uspid="193" ordinal="8" path="0" offset="156" offsetend="158" sl="193" fileid="2" />
                <BranchPoint vc="0" uspid="193" ordinal="9" path="1" offset="156" offsetend="202" sl="193" fileid="2" />
                <BranchPoint vc="0" uspid="202" ordinal="10" path="0" offset="219" offsetend="221" sl="202" fileid="2" />
                <BranchPoint vc="0" uspid="205" ordinal="15" path="1" offset="300" offsetend="236" sl="205" fileid="2" />
                <BranchPoint vc="0" uspid="207" ordinal="12" path="0" offset="246" offsetend="248" sl="207" fileid="2" />
                <BranchPoint vc="0" uspid="207" ordinal="13" path="1" offset="246" offsetend="259" sl="207" fileid="2" />
                <BranchPoint vc="0" uspid="205" ordinal="14" path="0" offset="300" offsetend="302" sl="205" fileid="2" />
                <BranchPoint vc="0" uspid="202" ordinal="11" path="1" offset="219" offsetend="312" sl="202" fileid="2" />
                <BranchPoint vc="0" uspid="219" ordinal="16" path="0" offset="337" offsetend="339" sl="219" fileid="2" />
                <BranchPoint vc="0" uspid="219" ordinal="17" path="1" offset="337" offsetend="370" sl="219" fileid="2" />
              </BranchPoints>
              <MethodPoint vc="0" uspid="0" p8:type="SequencePoint" ordinal="3" offset="3" sc="0" sl="168" ec="1" el="227" bec="0" bev="0" fileid="2" xmlns:p8="xsi" />
            </Method>
            <Method cyclomaticComplexity="28" nPathComplexity="28" sequenceCoverage="0" branchCoverage="0" isConstructor="False" isGetter="False" isSetter="False" isStatic="True">
              <Summary numSequencePoints="53" visitedSequencePoints="0" numBranchPoints="28" visitedBranchPoints="0" sequenceCoverage="0" branchCoverage="0" maxCyclomaticComplexity="28" minCyclomaticComplexity="28" visitedClasses="0" numClasses="0" visitedMethods="0" numMethods="1" />
              <MetadataToken />
              <Name>System.String Microsoft.AspNetCore.OpenApi.Generated.&lt;OpenApiXmlCommentSupport_generated&gt;FAE32745299F51FE2250C95D7C4552C556E1DD3D2722FDB7C10AE4E116E5D7FAD__DocumentationCommentIdHelper::GetTypeDocId(System.Type,System.Boolean,System.Boolean)</Name>
              <FileRef uid="2" />
              <SequencePoints>
                <SequencePoint vc="0" uspid="238" ordinal="0" sl="238" sc="1" el="238" ec="2" bec="0" bev="0" fileid="2" />
                <SequencePoint vc="0" uspid="239" ordinal="1" sl="239" sc="1" el="239" ec="2" bec="2" bev="0" fileid="2" />
                <SequencePoint vc="0" uspid="240" ordinal="2" sl="240" sc="1" el="240" ec="2" bec="0" bev="0" fileid="2" />
                <SequencePoint vc="0" uspid="242" ordinal="3" sl="242" sc="1" el="242" ec="2" bec="2" bev="0" fileid="2" />
                <SequencePoint vc="0" uspid="243" ordinal="4" sl="243" sc="1" el="243" ec="2" bec="0" bev="0" fileid="2" />
                <SequencePoint vc="0" uspid="244" ordinal="5" sl="244" sc="1" el="244" ec="2" bec="0" bev="0" fileid="2" />
                <SequencePoint vc="0" uspid="246" ordinal="6" sl="246" sc="1" el="246" ec="2" bec="2" bev="0" fileid="2" />
                <SequencePoint vc="0" uspid="247" ordinal="7" sl="247" sc="1" el="247" ec="2" bec="0" bev="0" fileid="2" />
                <SequencePoint vc="0" uspid="248" ordinal="8" sl="248" sc="1" el="248" ec="2" bec="0" bev="0" fileid="2" />
                <SequencePoint vc="0" uspid="251" ordinal="9" sl="251" sc="1" el="251" ec="2" bec="0" bev="0" fileid="2" />
                <SequencePoint vc="0" uspid="252" ordinal="10" sl="252" sc="1" el="252" ec="2" bec="0" bev="0" fileid="2" />
                <SequencePoint vc="0" uspid="256" ordinal="11" sl="256" sc="1" el="256" ec="2" bec="2" bev="0" fileid="2" />
                <SequencePoint vc="0" uspid="257" ordinal="12" sl="257" sc="1" el="257" ec="2" bec="0" bev="0" fileid="2" />
                <SequencePoint vc="0" uspid="258" ordinal="13" sl="258" sc="1" el="258" ec="2" bec="0" bev="0" fileid="2" />
                <SequencePoint vc="0" uspid="259" ordinal="14" sl="259" sc="1" el="259" ec="2" bec="2" bev="0" fileid="2" />
                <SequencePoint vc="0" uspid="261" ordinal="15" sl="261" sc="1" el="261" ec="2" bec="0" bev="0" fileid="2" />
                <SequencePoint vc="0" uspid="264" ordinal="16" sl="264" sc="1" el="264" ec="2" bec="2" bev="0" fileid="2" />
                <SequencePoint vc="0" uspid="265" ordinal="17" sl="265" sc="1" el="265" ec="2" bec="0" bev="0" fileid="2" />
                <SequencePoint vc="0" uspid="266" ordinal="18" sl="266" sc="1" el="266" ec="2" bec="0" bev="0" fileid="2" />
                <SequencePoint vc="0" uspid="267" ordinal="19" sl="267" sc="1" el="267" ec="2" bec="2" bev="0" fileid="2" />
                <SequencePoint vc="0" uspid="268" ordinal="20" sl="268" sc="1" el="268" ec="2" bec="0" bev="0" fileid="2" />
                <SequencePoint vc="0" uspid="269" ordinal="21" sl="269" sc="1" el="269" ec="2" bec="0" bev="0" fileid="2" />
                <SequencePoint vc="0" uspid="270" ordinal="22" sl="270" sc="1" el="270" ec="2" bec="0" bev="0" fileid="2" />
                <SequencePoint vc="0" uspid="271" ordinal="23" sl="271" sc="1" el="271" ec="2" bec="2" bev="0" fileid="2" />
                <SequencePoint vc="0" uspid="272" ordinal="24" sl="272" sc="1" el="272" ec="2" bec="0" bev="0" fileid="2" />
                <SequencePoint vc="0" uspid="273" ordinal="25" sl="273" sc="1" el="273" ec="2" bec="0" bev="0" fileid="2" />
                <SequencePoint vc="0" uspid="276" ordinal="26" sl="276" sc="1" el="276" ec="2" bec="0" bev="0" fileid="2" />
[...]
                <SequencePoint vc="0" uspid="173" ordinal="6" sl="173" sc="1" el="173" ec="2" bec="0" bev="0" fileid="44" />
                <SequencePoint vc="0" uspid="174" ordinal="7" sl="174" sc="1" el="174" ec="2" bec="0" bev="0" fileid="44" />
                <SequencePoint vc="0" uspid="177" ordinal="8" sl="177" sc="1" el="177" ec="2" bec="2" bev="0" fileid="44" />
                <SequencePoint vc="0" uspid="178" ordinal="9" sl="178" sc="1" el="178" ec="2" bec="0" bev="0" fileid="44" />
                <SequencePoint vc="0" uspid="179" ordinal="10" sl="179" sc="1" el="179" ec="2" bec="0" bev="0" fileid="44" />
                <SequencePoint vc="0" uspid="182" ordinal="11" sl="182" sc="1" el="182" ec="2" bec="0" bev="0" fileid="44" />
                <SequencePoint vc="0" uspid="183" ordinal="12" sl="183" sc="1" el="183" ec="2" bec="0" bev="0" fileid="44" />
                <SequencePoint vc="0" uspid="185" ordinal="13" sl="185" sc="1" el="185" ec="2" bec="2" bev="0" fileid="44" />
                <SequencePoint vc="0" uspid="186" ordinal="14" sl="186" sc="1" el="186" ec="2" bec="0" bev="0" fileid="44" />
                <SequencePoint vc="0" uspid="187" ordinal="15" sl="187" sc="1" el="187" ec="2" bec="0" bev="0" fileid="44" />
                <SequencePoint vc="0" uspid="190" ordinal="16" sl="190" sc="1" el="190" ec="2" bec="0" bev="0" fileid="44" />
                <SequencePoint vc="0" uspid="192" ordinal="17" sl="192" sc="1" el="192" ec="2" bec="0" bev="0" fileid="44" />
                <SequencePoint vc="0" uspid="193" ordinal="18" sl="193" sc="1" el="193" ec="2" bec="0" bev="0" fileid="44" />
                <SequencePoint vc="0" uspid="194" ordinal="19" sl="194" sc="1" el="194" ec="2" bec="0" bev="0" fileid="44" />
                <SequencePoint vc="0" uspid="196" ordinal="20" sl="196" sc="1" el="196" ec="2" bec="2" bev="0" fileid="44" />
                <SequencePoint vc="0" uspid="197" ordinal="21" sl="197" sc="1" el="197" ec="2" bec="0" bev="0" fileid="44" />
                <SequencePoint vc="0" uspid="198" ordinal="22" sl="198" sc="1" el="198" ec="2" bec="0" bev="0" fileid="44" />
                <SequencePoint vc="0" uspid="199" ordinal="23" sl="199" sc="1" el="199" ec="2" bec="0" bev="0" fileid="44" />
                <SequencePoint vc="0" uspid="200" ordinal="24" sl="200" sc="1" el="200" ec="2" bec="0" bev="0" fileid="44" />
                <SequencePoint vc="0" uspid="201" ordinal="25" sl="201" sc="1" el="201" ec="2" bec="0" bev="0" fileid="44" />
                <SequencePoint vc="0" uspid="203" ordinal="26" sl="203" sc="1" el="203" ec="2" bec="0" bev="0" fileid="44" />
                <SequencePoint vc="0" uspid="204" ordinal="27" sl="204" sc="1" el="204" ec="2" bec="0" bev="0" fileid="44" />
                <SequencePoint vc="0" uspid="205" ordinal="28" sl="205" sc="1" el="205" ec="2" bec="0" bev="0" fileid="44" />
                <SequencePoint vc="0" uspid="206" ordinal="29" sl="206" sc="1" el="206" ec="2" bec="0" bev="0" fileid="44" />
                <SequencePoint vc="0" uspid="207" ordinal="30" sl="207" sc="1" el="207" ec="2" bec="0" bev="0" fileid="44" />
              </SequencePoints>
              <BranchPoints>
                <BranchPoint vc="0" uspid="167" ordinal="0" path="0" offset="110" offsetend="112" sl="167" fileid="44" />
                <BranchPoint vc="0" uspid="167" ordinal="1" path="1" offset="110" offsetend="140" sl="167" fileid="44" />
                <BranchPoint vc="0" uspid="172" ordinal="2" path="0" offset="161" offsetend="163" sl="172" fileid="44" />
                <BranchPoint vc="0" uspid="172" ordinal="3" path="1" offset="161" offsetend="191" sl="172" fileid="44" />
                <BranchPoint vc="0" uspid="177" ordinal="4" path="0" offset="219" offsetend="221" sl="177" fileid="44" />
                <BranchPoint vc="0" uspid="177" ordinal="5" path="1" offset="219" offsetend="249" sl="177" fileid="44" />
                <BranchPoint vc="0" uspid="185" ordinal="6" path="0" offset="419" offsetend="421" sl="185" fileid="44" />
                <BranchPoint vc="0" uspid="185" ordinal="7" path="1" offset="419" offsetend="449" sl="185" fileid="44" />
                <BranchPoint vc="0" uspid="196" ordinal="8" path="0" offset="530" offsetend="535" sl="196" fileid="44" />
                <BranchPoint vc="0" uspid="196" ordinal="9" path="1" offset="530" offsetend="937" sl="196" fileid="44" />
              </BranchPoints>
              <MethodPoint vc="0" uspid="0" p8:type="SequencePoint" ordinal="0" offset="0" sc="0" sl="165" ec="1" el="207" bec="0" bev="0" fileid="44" xmlns:p8="xsi" />
            </Method>
          </Methods>
        </Class>
        <Class>
          <Summary numSequencePoints="16" visitedSequencePoints="14" numBranchPoints="6" visitedBranchPoints="4" sequenceCoverage="87.5" branchCoverage="66.66" maxCyclomaticComplexity="6" minCyclomaticComplexity="6" visitedClasses="1" numClasses="1" visitedMethods="1" numMethods="1" />
          <FullName>SENG302.Api.Controllers.UserController/&lt;initiateOneTimeCode&gt;d__10</FullName>
          <Methods>
            <Method cyclomaticComplexity="6" nPathComplexity="6" sequenceCoverage="87.5" branchCoverage="66.66" isConstructor="False" isGetter="False" isSetter="False" isStatic="True">
              <Summary numSequencePoints="16" visitedSequencePoints="14" numBranchPoints="6" visitedBranchPoints="4" sequenceCoverage="87.5" branchCoverage="66.66" maxCyclomaticComplexity="6" minCyclomaticComplexity="6" visitedClasses="0" numClasses="0" visitedMethods="1" numMethods="1" />
              <MetadataToken />
              <Name>System.Void SENG302.Api.Controllers.UserController/&lt;initiateOneTimeCode&gt;d__10::MoveNext()</Name>
              <FileRef uid="44" />
              <SequencePoints>
                <SequencePoint vc="2" uspid="253" ordinal="0" sl="253" sc="1" el="253" ec="2" bec="0" bev="0" fileid="44" />
                <SequencePoint vc="2" uspid="254" ordinal="1" sl="254" sc="1" el="254" ec="2" bec="2" bev="1" fileid="44" />
                <SequencePoint vc="0" uspid="255" ordinal="2" sl="255" sc="1" el="255" ec="2" bec="0" bev="0" fileid="44" />
                <SequencePoint vc="0" uspid="256" ordinal="3" sl="256" sc="1" el="256" ec="2" bec="0" bev="0" fileid="44" />
                <SequencePoint vc="2" uspid="259" ordinal="4" sl="259" sc="1" el="259" ec="2" bec="0" bev="0" fileid="44" />
                <SequencePoint vc="2" uspid="260" ordinal="5" sl="260" sc="1" el="260" ec="2" bec="2" bev="1" fileid="44" />
                <SequencePoint vc="2" uspid="262" ordinal="6" sl="262" sc="1" el="262" ec="2" bec="0" bev="0" fileid="44" />
                <SequencePoint vc="3" uspid="263" ordinal="7" sl="263" sc="1" el="263" ec="2" bec="2" bev="2" fileid="44" />
                <SequencePoint vc="1" uspid="266" ordinal="8" sl="266" sc="1" el="266" ec="2" bec="0" bev="0" fileid="44" />
                <SequencePoint vc="1" uspid="267" ordinal="9" sl="267" sc="1" el="267" ec="2" bec="0" bev="0" fileid="44" />
                <SequencePoint vc="1" uspid="268" ordinal="10" sl="268" sc="1" el="268" ec="2" bec="0" bev="0" fileid="44" />
                <SequencePoint vc="1" uspid="269" ordinal="11" sl="269" sc="1" el="269" ec="2" bec="0" bev="0" fileid="44" />
                <SequencePoint vc="1" uspid="270" ordinal="12" sl="270" sc="1" el="270" ec="2" bec="0" bev="0" fileid="44" />
                <SequencePoint vc="1" uspid="271" ordinal="13" sl="271" sc="1" el="271" ec="2" bec="0" bev="0" fileid="44" />
                <SequencePoint vc="1" uspid="273" ordinal="14" sl="273" sc="1" el="273" ec="2" bec="0" bev="0" fileid="44" />
                <SequencePoint vc="2" uspid="274" ordinal="15" sl="274" sc="1" el="274" ec="2" bec="0" bev="0" fileid="44" />
              </SequencePoints>
              <BranchPoints>
                <BranchPoint vc="0" uspid="254" ordinal="0" path="0" offset="47" offsetend="49" sl="254" fileid="44" />
                <BranchPoint vc="2" uspid="254" ordinal="1" path="1" offset="47" offsetend="82" sl="254" fileid="44" />
                <BranchPoint vc="0" uspid="260" ordinal="2" path="0" offset="123" offsetend="125" sl="260" fileid="44" />
                <BranchPoint vc="2" uspid="260" ordinal="3" path="1" offset="123" offsetend="162" sl="260" fileid="44" />
                <BranchPoint vc="1" uspid="263" ordinal="4" path="0" offset="329" offsetend="331" sl="263" fileid="44" />
                <BranchPoint vc="1" uspid="263" ordinal="5" path="1" offset="329" offsetend="368" sl="263" fileid="44" />
              </BranchPoints>
              <MethodPoint vc="14" uspid="0" p8:type="SequencePoint" ordinal="0" offset="0" sc="0" sl="253" ec="1" el="274" bec="0" bev="0" fileid="44" xmlns:p8="xsi" />
            </Method>
          </Methods>
        </Class>
        <Class>
          <Summary numSequencePoints="12" visitedSequencePoints="10" numBranchPoints="8" visitedBranchPoints="6" sequenceCoverage="83.33" branchCoverage="75" maxCyclomaticComplexity="8" minCyclomaticComplexity="8" visitedClasses="1" numClasses="1" visitedMethods="1" numMethods="1" />
          <FullName>SENG302.Api.Controllers.UserController/&lt;validateOneTimeCode&gt;d__11</FullName>
          <Methods>
            <Method cyclomaticComplexity="8" nPathComplexity="8" sequenceCoverage="83.33" branchCoverage="75" isConstructor="False" isGetter="False" isSetter="False" isStatic="True">
              <Summary numSequencePoints="12" visitedSequencePoints="10" numBranchPoints="8" visitedBranchPoints="6" sequenceCoverage="83.33" branchCoverage="75" maxCyclomaticComplexity="8" minCyclomaticComplexity="8" visitedClasses="0" numClasses="0" visitedMethods="1" numMethods="1" />
              <MetadataToken />
              <Name>System.Void SENG302.Api.Controllers.UserController/&lt;validateOneTimeCode&gt;d__11::MoveNext()</Name>
              <FileRef uid="44" />
              <SequencePoints>
                <SequencePoint vc="3" uspid="289" ordinal="0" sl="289" sc="1" el="289" ec="2" bec="0" bev="0" fileid="44" />
                <SequencePoint vc="3" uspid="290" ordinal="1" sl="290" sc="1" el="290" ec="2" bec="2" bev="1" fileid="44" />
                <SequencePoint vc="0" uspid="291" ordinal="2" sl="291" sc="1" el="291" ec="2" bec="0" bev="0" fileid="44" />
                <SequencePoint vc="0" uspid="292" ordinal="3" sl="292" sc="1" el="292" ec="2" bec="0" bev="0" fileid="44" />
                <SequencePoint vc="3" uspid="294" ordinal="4" sl="294" sc="1" el="294" ec="2" bec="0" bev="0" fileid="44" />
                <SequencePoint vc="4" uspid="295" ordinal="5" sl="295" sc="1" el="295" ec="2" bec="2" bev="2" fileid="44" />
                <SequencePoint vc="2" uspid="297" ordinal="6" sl="297" sc="1" el="297" ec="2" bec="0" bev="0" fileid="44" />
                <SequencePoint vc="2" uspid="298" ordinal="7" sl="298" sc="1" el="298" ec="2" bec="2" bev="1" fileid="44" />
                <SequencePoint vc="2" uspid="300" ordinal="8" sl="300" sc="1" el="300" ec="2" bec="0" bev="0" fileid="44" />
                <SequencePoint vc="3" uspid="301" ordinal="9" sl="301" sc="1" el="301" ec="2" bec="2" bev="2" fileid="44" />
                <SequencePoint vc="1" uspid="303" ordinal="10" sl="303" sc="1" el="303" ec="2" bec="0" bev="0" fileid="44" />
                <SequencePoint vc="3" uspid="305" ordinal="11" sl="305" sc="1" el="305" ec="2" bec="0" bev="0" fileid="44" />
              </SequencePoints>
              <BranchPoints>
                <BranchPoint vc="0" uspid="290" ordinal="0" path="0" offset="47" offsetend="49" sl="290" fileid="44" />
                <BranchPoint vc="3" uspid="290" ordinal="1" path="1" offset="47" offsetend="82" sl="290" fileid="44" />
                <BranchPoint vc="1" uspid="295" ordinal="2" path="0" offset="235" offsetend="237" sl="295" fileid="44" />
                <BranchPoint vc="2" uspid="295" ordinal="3" path="1" offset="235" offsetend="269" sl="295" fileid="44" />
                <BranchPoint vc="0" uspid="298" ordinal="4" path="0" offset="427" offsetend="429" sl="298" fileid="44" />
                <BranchPoint vc="2" uspid="298" ordinal="5" path="1" offset="427" offsetend="461" sl="298" fileid="44" />
                <BranchPoint vc="1" uspid="301" ordinal="6" path="0" offset="518" offsetend="520" sl="301" fileid="44" />
                <BranchPoint vc="1" uspid="301" ordinal="7" path="1" offset="518" offsetend="549" sl="301" fileid="44" />
              </BranchPoints>
              <MethodPoint vc="10" uspid="0" p8:type="SequencePoint" ordinal="0" offset="0" sc="0" sl="289" ec="1" el="305" bec="0" bev="0" fileid="44" xmlns:p8="xsi" />
            </Method>
          </Methods>
        </Class>
        <Class>
          <Summary numSequencePoints="28" visitedSequencePoints="28" numBranchPoints="0" visitedBranchPoints="0" sequenceCoverage="100" branchCoverage="100" maxCyclomaticComplexity="1" minCyclomaticComplexity="1" visitedClasses="1" numClasses="1" visitedMethods="1" numMethods="1" />
          <FullName>SENG302.Api.Constants.CountryCodes</FullName>
          <Methods>
            <Method cyclomaticComplexity="1" nPathComplexity="1" sequenceCoverage="100" branchCoverage="100" isConstructor="True" isGetter="False" isSetter="False" isStatic="True">
              <Summary numSequencePoints="28" visitedSequencePoints="28" numBranchPoints="0" visitedBranchPoints="0" sequenceCoverage="100" branchCoverage="100" maxCyclomaticComplexity="1" minCyclomaticComplexity="1" visitedClasses="0" numClasses="0" visitedMethods="1" numMethods="1" />
              <MetadataToken />
              <Name>System.Void SENG302.Api.Constants.CountryCodes::.cctor()</Name>
              <FileRef uid="45" />
              <SequencePoints>
                <SequencePoint vc="1" uspid="10" ordinal="0" sl="10" sc="1" el="10" ec="2" bec="0" bev="0" fileid="45" />
                <SequencePoint vc="1" uspid="11" ordinal="1" sl="11" sc="1" el="11" ec="2" bec="0" bev="0" fileid="45" />
                <SequencePoint vc="1" uspid="12" ordinal="2" sl="12" sc="1" el="12" ec="2" bec="0" bev="0" fileid="45" />
                <SequencePoint vc="1" uspid="13" ordinal="3" sl="13" sc="1" el="13" ec="2" bec="0" bev="0" fileid="45" />
                <SequencePoint vc="1" uspid="14" ordinal="4" sl="14" sc="1" el="14" ec="2" bec="0" bev="0" fileid="45" />
                <SequencePoint vc="1" uspid="15" ordinal="5" sl="15" sc="1" el="15" ec="2" bec="0" bev="0" fileid="45" />
                <SequencePoint vc="1" uspid="16" ordinal="6" sl="16" sc="1" el="16" ec="2" bec="0" bev="0" fileid="45" />
                <SequencePoint vc="1" uspid="17" ordinal="7" sl="17" sc="1" el="17" ec="2" bec="0" bev="0" fileid="45" />
                <SequencePoint vc="1" uspid="18" ordinal="8" sl="18" sc="1" el="18" ec="2" bec="0" bev="0" fileid="45" />
                <SequencePoint vc="1" uspid="19" ordinal="9" sl="19" sc="1" el="19" ec="2" bec="0" bev="0" fileid="45" />
                <SequencePoint vc="1" uspid="20" ordinal="10" sl="20" sc="1" el="20" ec="2" bec="0" bev="0" fileid="45" />
                <SequencePoint vc="1" uspid="21" ordinal="11" sl="21" sc="1" el="21" ec="2" bec="0" bev="0" fileid="45" />
                <SequencePoint vc="1" uspid="22" ordinal="12" sl="22" sc="1" el="22" ec="2" bec="0" bev="0" fileid="45" />
                <SequencePoint vc="1" uspid="23" ordinal="13" sl="23" sc="1" el="23" ec="2" bec="0" bev="0" fileid="45" />
                <SequencePoint vc="1" uspid="24" ordinal="14" sl="24" sc="1" el="24" ec="2" bec="0" bev="0" fileid="45" />
                <SequencePoint vc="1" uspid="25" ordinal="15" sl="25" sc="1" el="25" ec="2" bec="0" bev="0" fileid="45" />
                <SequencePoint vc="1" uspid="26" ordinal="16" sl="26" sc="1" el="26" ec="2" bec="0" bev="0" fileid="45" />
                <SequencePoint vc="1" uspid="27" ordinal="17" sl="27" sc="1" el="27" ec="2" bec="0" bev="0" fileid="45" />
                <SequencePoint vc="1" uspid="28" ordinal="18" sl="28" sc="1" el="28" ec="2" bec="0" bev="0" fileid="45" />
                <SequencePoint vc="1" uspid="29" ordinal="19" sl="29" sc="1" el="29" ec="2" bec="0" bev="0" fileid="45" />
                <SequencePoint vc="1" uspid="30" ordinal="20" sl="30" sc="1" el="30" ec="2" bec="0" bev="0" fileid="45" />
                <SequencePoint vc="1" uspid="31" ordinal="21" sl="31" sc="1" el="31" ec="2" bec="0" bev="0" fileid="45" />
                <SequencePoint vc="1" uspid="32" ordinal="22" sl="32" sc="1" el="32" ec="2" bec="0" bev="0" fileid="45" />
                <SequencePoint vc="1" uspid="33" ordinal="23" sl="33" sc="1" el="33" ec="2" bec="0" bev="0" fileid="45" />
                <SequencePoint vc="1" uspid="34" ordinal="24" sl="34" sc="1" el="34" ec="2" bec="0" bev="0" fileid="45" />
                <SequencePoint vc="1" uspid="35" ordinal="25" sl="35" sc="1" el="35" ec="2" bec="0" bev="0" fileid="45" />
                <SequencePoint vc="1" uspid="36" ordinal="26" sl="36" sc="1" el="36" ec="2" bec="0" bev="0" fileid="45" />
                <SequencePoint vc="1" uspid="37" ordinal="27" sl="37" sc="1" el="37" ec="2" bec="0" bev="0" fileid="45" />
              </SequencePoints>
              <BranchPoints />
              <MethodPoint vc="28" uspid="0" p8:type="SequencePoint" ordinal="0" offset="0" sc="0" sl="10" ec="1" el="37" bec="0" bev="0" fileid="45" xmlns:p8="xsi" />
            </Method>
          </Methods>
        </Class>
        <Class>
          <Summary numSequencePoints="8" visitedSequencePoints="0" numBranchPoints="0" visitedBranchPoints="0" sequenceCoverage="0" branchCoverage="100" maxCyclomaticComplexity="1" minCyclomaticComplexity="1" visitedClasses="0" numClasses="1" visitedMethods="0" numMethods="1" />
          <FullName>SENG302.Api.Constants.MimeTypeSets</FullName>
          <Methods>
            <Method cyclomaticComplexity="1" nPathComplexity="1" sequenceCoverage="0" branchCoverage="100" isConstructor="True" isGetter="False" isSetter="False" isStatic="True">
              <Summary numSequencePoints="8" visitedSequencePoints="0" numBranchPoints="0" visitedBranchPoints="0" sequenceCoverage="0" branchCoverage="100" maxCyclomaticComplexity="1" minCyclomaticComplexity="1" visitedClasses="0" numClasses="0" visitedMethods="0" numMethods="1" />
              <MetadataToken />
              <Name>System.Void SENG302.Api.Constants.MimeTypeSets::.cctor()</Name>
              <FileRef uid="46" />
              <SequencePoints>
                <SequencePoint vc="0" uspid="8" ordinal="0" sl="8" sc="1" el="8" ec="2" bec="0" bev="0" fileid="46" />
                <SequencePoint vc="0" uspid="9" ordinal="1" sl="9" sc="1" el="9" ec="2" bec="0" bev="0" fileid="46" />
                <SequencePoint vc="0" uspid="10" ordinal="2" sl="10" sc="1" el="10" ec="2" bec="0" bev="0" fileid="46" />
                <SequencePoint vc="0" uspid="11" ordinal="3" sl="11" sc="1" el="11" ec="2" bec="0" bev="0" fileid="46" />
                <SequencePoint vc="0" uspid="12" ordinal="4" sl="12" sc="1" el="12" ec="2" bec="0" bev="0" fileid="46" />
                <SequencePoint vc="0" uspid="13" ordinal="5" sl="13" sc="1" el="13" ec="2" bec="0" bev="0" fileid="46" />
                <SequencePoint vc="0" uspid="14" ordinal="6" sl="14" sc="1" el="14" ec="2" bec="0" bev="0" fileid="46" />
                <SequencePoint vc="0" uspid="15" ordinal="7" sl="15" sc="1" el="15" ec="2" bec="0" bev="0" fileid="46" />
              </SequencePoints>
              <BranchPoints />
              <MethodPoint vc="0" uspid="0" p8:type="SequencePoint" ordinal="0" offset="0" sc="0" sl="8" ec="1" el="15" bec="0" bev="0" fileid="46" xmlns:p8="xsi" />
            </Method>
          </Methods>
        </Class>
      </Classes>
    </Module>
  </Modules>
</CoverageSession>